[0.008s] Invoking command in '/home/ngochoan/dev_ws/build/cpp_interface': CMAKE_PREFIX_PATH=/opt/ros/humble /usr/bin/cmake --build /home/ngochoan/dev_ws/build/cpp_interface -- -j8 -l8
[0.077s] [ 12%] Built target read_parameters_pi
[0.088s] [35m[1mConsolidate compiler generated dependencies of target stanley_node[0m
[0.088s] [ 25%] Built target test_cmd_vel
[0.098s] [ 37%] Built target pid_node
[0.102s] [ 50%] Built target fuzzy_node
[0.104s] [ 62%] Built target straight_line_node
[0.105s] [ 75%] Built target sinusoidal_node
[0.106s] [ 87%] Built target circumference_node
[0.108s] [ 93%] [32mBuilding CXX object CMakeFiles/stanley_node.dir/src/stanley_node.cpp.o[0m
[2.160s] [01m[K/home/ngochoan/dev_ws/src/cpp_interface/src/stanley_node.cpp:[m[K In member function â€˜[01m[Kvoid StanleyNode::timer_callback()[m[Kâ€™:
[2.160s] [01m[K/home/ngochoan/dev_ws/src/cpp_interface/src/stanley_node.cpp:50:23:[m[K [01;31m[Kerror: [m[Kâ€˜[01m[Kangle_stenley_output[m[Kâ€™ was not declared in this scope; did you mean â€˜[01m[Kangle_stanley_output[m[Kâ€™?
[2.161s]    50 |     message.data[0] = [01;31m[Kangle_stenley_output[m[K;
[2.161s]       |                       [01;31m[K^~~~~~~~~~~~~~~~~~~~[m[K
[2.161s]       |                       [32m[Kangle_stanley_output[m[K
[5.083s] gmake[2]: *** [CMakeFiles/stanley_node.dir/build.make:76: CMakeFiles/stanley_node.dir/src/stanley_node.cpp.o] Error 1
[5.083s] gmake[1]: *** [CMakeFiles/Makefile2:255: CMakeFiles/stanley_node.dir/all] Error 2
[5.083s] gmake: *** [Makefile:146: all] Error 2
[5.085s] Invoked command in '/home/ngochoan/dev_ws/build/cpp_interface' returned '2': CMAKE_PREFIX_PATH=/opt/ros/humble /usr/bin/cmake --build /home/ngochoan/dev_ws/build/cpp_interface -- -j8 -l8
