[01m[K/home/ngochoan/dev_ws/src/cpp_interface/src/pid_node.cpp:[m[K In member function â€˜[01m[Kvoid PIDNode::timer_callback()[m[Kâ€™:
[01m[K/home/ngochoan/dev_ws/src/cpp_interface/src/pid_node.cpp:128:9:[m[K [01;31m[Kerror: [m[Kâ€˜[01m[KmotorController[m[Kâ€™ was not declared in this scope; did you mean â€˜[01m[KMotorController[m[Kâ€™?
  128 |         [01;31m[KmotorController[m[K.updateMotors(setPoints, currentValues);
      |         [01;31m[K^~~~~~~~~~~~~~~[m[K
      |         [32m[KMotorController[m[K
gmake[2]: *** [CMakeFiles/pid_node.dir/build.make:76: CMakeFiles/pid_node.dir/src/pid_node.cpp.o] Error 1
gmake[1]: *** [CMakeFiles/Makefile2:195: CMakeFiles/pid_node.dir/all] Error 2
gmake: *** [Makefile:146: all] Error 2
