[0.063s] Invoking command in '/home/ngochoan/dev_ws/build/cpp_interface': CMAKE_PREFIX_PATH=/opt/ros/humble /usr/bin/cmake --build /home/ngochoan/dev_ws/build/cpp_interface -- -j8 -l8
[0.110s] [35m[1mConsolidate compiler generated dependencies of target pid_node[0m
[0.126s] [ 66%] [32mBuilding CXX object CMakeFiles/pid_node.dir/src/pid_node.cpp.o[0m
[0.126s] [ 83%] Built target test_cmd_vel
[0.126s] [ 83%] Built target read_parameters_pi
[2.477s] [01m[K/home/ngochoan/dev_ws/src/cpp_interface/src/pid_node.cpp:[m[K In member function â€˜[01m[Kvoid PIDNode::timer_callback()[m[Kâ€™:
[2.477s] [01m[K/home/ngochoan/dev_ws/src/cpp_interface/src/pid_node.cpp:48:5:[m[K [01;31m[Kerror: [m[Kâ€˜[01m[KMotorController[m[Kâ€™ was not declared in this scope
[2.478s]    48 |     [01;31m[KMotorController[m[K motorController;
[2.478s]       |     [01;31m[K^~~~~~~~~~~~~~~[m[K
[2.487s] [01m[K/home/ngochoan/dev_ws/src/cpp_interface/src/pid_node.cpp:50:9:[m[K [01;31m[Kerror: [m[Kâ€˜[01m[KmotorController[m[Kâ€™ was not declared in this scope
[2.487s]    50 |         [01;31m[KmotorController[m[K.updateMotors(setpoints, currentValues);
[2.487s]       |         [01;31m[K^~~~~~~~~~~~~~~[m[K
[2.498s] [01m[K/home/ngochoan/dev_ws/src/cpp_interface/src/pid_node.cpp:[m[K In constructor â€˜[01m[KMotorController::MotorController()[m[Kâ€™:
[2.498s] [01m[K/home/ngochoan/dev_ws/src/cpp_interface/src/pid_node.cpp:106:7:[m[K [01;31m[Kerror: [m[Kâ€˜[01m[Kinit_pid[m[Kâ€™ was not declared in this scope; did you mean â€˜[01m[Ksi_pid[m[Kâ€™?
[2.498s]   106 |       [01;31m[Kinit_pid[m[K(&pid, Kp[i], Ki[i], Kd[i]);
[2.498s]       |       [01;31m[K^~~~~~~~[m[K
[2.498s]       |       [32m[Ksi_pid[m[K
[2.503s] [01m[K/home/ngochoan/dev_ws/src/cpp_interface/src/pid_node.cpp:[m[K In member function â€˜[01m[Kstd::vector<float> MotorController::updateMotors(const std::vector<float>&, const std::vector<float>&)[m[Kâ€™:
[2.503s] [01m[K/home/ngochoan/dev_ws/src/cpp_interface/src/pid_node.cpp:117:11:[m[K [01;31m[Kerror: [m[Kâ€˜[01m[KPID_controller[m[Kâ€™ was not declared in this scope; did you mean â€˜[01m[Kpid_controllers[m[Kâ€™?
[2.503s]   117 |           [01;31m[KPID_controller[m[K(setpoints[i], currentValues[i], &pid_controllers[i]));
[2.503s]       |           [01;31m[K^~~~~~~~~~~~~~[m[K
[2.504s]       |           [32m[Kpid_controllers[m[K
[4.789s] gmake[2]: *** [CMakeFiles/pid_node.dir/build.make:76: CMakeFiles/pid_node.dir/src/pid_node.cpp.o] Error 1
[4.789s] gmake[1]: *** [CMakeFiles/Makefile2:193: CMakeFiles/pid_node.dir/all] Error 2
[4.789s] gmake: *** [Makefile:146: all] Error 2
[4.791s] Invoked command in '/home/ngochoan/dev_ws/build/cpp_interface' returned '2': CMAKE_PREFIX_PATH=/opt/ros/humble /usr/bin/cmake --build /home/ngochoan/dev_ws/build/cpp_interface -- -j8 -l8
