[0.012s] Invoking command in '/home/ngochoan/dev_ws/build/cpp_interface': CMAKE_PREFIX_PATH=/opt/ros/humble /usr/bin/cmake --build /home/ngochoan/dev_ws/build/cpp_interface -- -j8 -l8
[0.067s] [35m[1mConsolidate compiler generated dependencies of target fuzzy_longitudinal_controllers[0m
[0.082s] [  6%] [32mBuilding CXX object CMakeFiles/pid_node.dir/src/pid_node.cpp.o[0m
[0.087s] [ 18%] Built target read_parameters_pi
[0.089s] [ 37%] [32mBuilding CXX object CMakeFiles/stanley_node.dir/src/stanley_node.cpp.o[0m
[0.090s] [ 37%] Built target test_cmd_vel
[0.094s] [ 50%] Built target straight_line_node
[0.095s] [ 62%] Built target circumference_node
[0.097s] [ 75%] Built target sinusoidal_node
[0.101s] [ 81%] [32mBuilding CXX object CMakeFiles/fuzzy_longitudinal_controllers.dir/src/fuzzy_longitudinal_controllers.cpp.o[0m
[3.672s] [01m[K/home/ngochoan/dev_ws/src/cpp_interface/src/stanley_node.cpp:[m[K In constructor â€˜[01m[KStanleyNode::StanleyNode()[m[Kâ€™:
[3.672s] [01m[K/home/ngochoan/dev_ws/src/cpp_interface/src/stanley_node.cpp:25:99:[m[K [01;31m[Kerror: [m[Kclass â€˜[01m[KStanleyNode[m[Kâ€™ does not have any field named â€˜[01m[Kdesired_position[m[Kâ€™
[3.672s]    25 |     : Node("stanley_node"), angleIMU(0.0), linearVelocity(0.0), actual_position({0.0, 0.0, 0.0}), [01;31m[Kdesired_position[m[K({0.0, 0.0, 0.0}) {
[3.672s]       |                                                                                                   [01;31m[K^~~~~~~~~~~~~~~~[m[K
[7.084s] gmake[2]: *** [CMakeFiles/stanley_node.dir/build.make:76: CMakeFiles/stanley_node.dir/src/stanley_node.cpp.o] Error 1
[7.084s] gmake[1]: *** [CMakeFiles/Makefile2:255: CMakeFiles/stanley_node.dir/all] Error 2
[7.084s] gmake[1]: *** Waiting for unfinished jobs....
[9.143s] [ 87%] [32m[1mLinking CXX executable pid_node[0m
[9.544s] [ 93%] [32m[1mLinking CXX executable fuzzy_longitudinal_controllers[0m
[9.896s] [ 93%] Built target pid_node
[10.171s] [ 93%] Built target fuzzy_longitudinal_controllers
[10.174s] gmake: *** [Makefile:146: all] Error 2
[10.177s] Invoked command in '/home/ngochoan/dev_ws/build/cpp_interface' returned '2': CMAKE_PREFIX_PATH=/opt/ros/humble /usr/bin/cmake --build /home/ngochoan/dev_ws/build/cpp_interface -- -j8 -l8
