[35m[1mConsolidate compiler generated dependencies of target straight_line_node[0m
[ 33%] Built target stanley_node
[ 33%] Built target test_cmd_vel
[ 50%] Built target read_parameters_pi
[ 66%] Built target fuzzy_node
[ 83%] Built target pid_node
[ 91%] [32mBuilding CXX object CMakeFiles/straight_line_node.dir/src/straight_line_node.cpp.o[0m
[01m[K/home/ngochoan/dev_ws/src/cpp_interface/src/straight_line_node.cpp:[m[K In constructor â€˜[01m[KStraightLineNode::StraightLineNode()[m[Kâ€™:
[01m[K/home/ngochoan/dev_ws/src/cpp_interface/src/straight_line_node.cpp:23:86:[m[K [01;31m[Kerror: [m[Kexpected identifier before â€˜[01m[K{[m[Kâ€™ token
   23 |   StraightLineNode() : Node("straight_line_node"), x_position(0.0), y_position(0.0), [01;31m[K{[m[K
      |                                                                                      [01;31m[K^[m[K
[01m[K/home/ngochoan/dev_ws/src/cpp_interface/src/straight_line_node.cpp:26:98:[m[K [01;31m[Kerror: [m[Kâ€˜[01m[Ktimer_callback[m[Kâ€™ is not a member of â€˜[01m[KStraightLineNode[m[Kâ€™
   26 |     timer_ = this->create_wall_timer(std::chrono::milliseconds(10), std::bind(&StraightLineNode::[01;31m[Ktimer_callback[m[K, this));
      |                                                                                                  [01;31m[K^~~~~~~~~~~~~~[m[K
gmake[2]: *** [CMakeFiles/straight_line_node.dir/build.make:76: CMakeFiles/straight_line_node.dir/src/straight_line_node.cpp.o] Error 1
gmake[1]: *** [CMakeFiles/Makefile2:277: CMakeFiles/straight_line_node.dir/all] Error 2
gmake: *** [Makefile:146: all] Error 2
