[01m[K/home/ngochoan/dev_ws/src/cpp_interface/src/data_processing_node_zz.cpp:[m[K In member function â€˜[01m[Kvoid DataProcessingNode::initializeArrays()[m[Kâ€™:
[01m[K/home/ngochoan/dev_ws/src/cpp_interface/src/data_processing_node_zz.cpp:60:37:[m[K [01;31m[Kerror: [m[Kâ€˜[01m[KPHI[m[Kâ€™ was not declared in this scope
   60 |       y[n] = D * (n + 1) * std::cos([01;31m[KPHI[m[K);
      |                                     [01;31m[K^~~[m[K
[01m[K/home/ngochoan/dev_ws/src/cpp_interface/src/data_processing_node_zz.cpp:63:16:[m[K [01;31m[Kerror: [m[Kâ€˜[01m[Kmod[m[Kâ€™ is not a member of â€˜[01m[Kstd[m[Kâ€™; did you mean â€˜[01m[Kmodf[m[Kâ€™?
   63 |       if (std::[01;31m[Kmod[m[K(n, numD) == 0)
      |                [01;31m[K^~~[m[K
      |                [32m[Kmodf[m[K
[01m[K/home/ngochoan/dev_ws/src/cpp_interface/src/data_processing_node_zz.cpp:63:23:[m[K [01;31m[Kerror: [m[Kâ€˜[01m[KnumD[m[Kâ€™ was not declared in this scope
   63 |       if (std::mod(n, [01;31m[KnumD[m[K) == 0)
      |                       [01;31m[K^~~~[m[K
gmake[2]: *** [CMakeFiles/data_processing_node_zz.dir/build.make:76: CMakeFiles/data_processing_node_zz.dir/src/data_processing_node_zz.cpp.o] Error 1
gmake[1]: *** [CMakeFiles/Makefile2:313: CMakeFiles/data_processing_node_zz.dir/all] Error 2
gmake[1]: *** Waiting for unfinished jobs....
gmake: *** [Makefile:146: all] Error 2
