-- Found ament_cmake: 1.3.8 (/opt/ros/humble/share/ament_cmake/cmake)
-- Found rclcpp: 16.0.8 (/opt/ros/humble/share/rclcpp/cmake)
-- Found rosidl_generator_c: 3.1.5 (/opt/ros/humble/share/rosidl_generator_c/cmake)
-- Found rosidl_adapter: 3.1.5 (/opt/ros/humble/share/rosidl_adapter/cmake)
-- Found rosidl_generator_cpp: 3.1.5 (/opt/ros/humble/share/rosidl_generator_cpp/cmake)
-- Using all available rosidl_typesupport_c: rosidl_typesupport_fastrtps_c;rosidl_typesupport_introspection_c
-- Using all available rosidl_typesupport_cpp: rosidl_typesupport_fastrtps_cpp;rosidl_typesupport_introspection_cpp
-- Found rmw_implementation_cmake: 6.1.1 (/opt/ros/humble/share/rmw_implementation_cmake/cmake)
-- Found rmw_fastrtps_cpp: 6.2.6 (/opt/ros/humble/share/rmw_fastrtps_cpp/cmake)
-- Using RMW implementation 'rmw_fastrtps_cpp' as default
-- Found tf2_msgs: 0.25.6 (/opt/ros/humble/share/tf2_msgs/cmake)
-- Found ament_lint_auto: 0.12.10 (/opt/ros/humble/share/ament_lint_auto/cmake)
-- Added test 'cppcheck' to perform static code analysis on C / C++ code
-- Configured cppcheck include dirs: 
-- Configured cppcheck exclude dirs and/or files: 
-- Added test 'flake8' to check Python code syntax and style conventions
-- Added test 'lint_cmake' to check CMake code style
-- Added test 'pep257' to check Python code against some of the docstring style conventions in PEP 257
-- Added test 'uncrustify' to check C / C++ code style
-- Configured uncrustify additional arguments: 
-- Added test 'xmllint' to check XML markup files
-- Configuring done
-- Generating done
-- Build files have been written to: /home/ngochoan/dev_ws/build/cpp_interface
[35m[1mConsolidate compiler generated dependencies of target fuzzy_longitudinal_controllers[0m
[35m[1mConsolidate compiler generated dependencies of target read_parameters_pi[0m
[35m[1mConsolidate compiler generated dependencies of target straight_line_node[0m
[35m[1mConsolidate compiler generated dependencies of target pid_node[0m
[35m[1mConsolidate compiler generated dependencies of target data_processing_node[0m
[35m[1mConsolidate compiler generated dependencies of target test_cmd_vel[0m
[  9%] [32mBuilding CXX object CMakeFiles/data_processing_node_straight.dir/src/data_processing_node_straight.cpp.o[0m
[  9%] [32mBuilding CXX object CMakeFiles/data_processing_node_zz.dir/src/data_processing_node_zz.cpp.o[0m
[ 18%] Built target read_parameters_pi
[ 31%] Built target straight_line_node
[ 36%] Built target test_cmd_vel
[ 45%] Built target pid_node
[ 54%] Built target fuzzy_longitudinal_controllers
[ 63%] Built target data_processing_node
[35m[1mConsolidate compiler generated dependencies of target circumference_node[0m
[35m[1mConsolidate compiler generated dependencies of target sinusoidal_node[0m
[35m[1mConsolidate compiler generated dependencies of target controllers_node[0m
[ 81%] Built target sinusoidal_node
[ 81%] Built target circumference_node
[ 90%] Built target controllers_node
[01m[K/home/ngochoan/dev_ws/src/cpp_interface/src/data_processing_node_zz.cpp:[m[K In member function â€˜[01m[Kvoid DataProcessingNode::initializeArrays()[m[Kâ€™:
[01m[K/home/ngochoan/dev_ws/src/cpp_interface/src/data_processing_node_zz.cpp:60:37:[m[K [01;31m[Kerror: [m[Kâ€˜[01m[KPHI[m[Kâ€™ was not declared in this scope
   60 |       y[n] = D * (n + 1) * std::cos([01;31m[KPHI[m[K);
      |                                     [01;31m[K^~~[m[K
[01m[K/home/ngochoan/dev_ws/src/cpp_interface/src/data_processing_node_zz.cpp:63:16:[m[K [01;31m[Kerror: [m[Kâ€˜[01m[Kmod[m[Kâ€™ is not a member of â€˜[01m[Kstd[m[Kâ€™; did you mean â€˜[01m[Kmodf[m[Kâ€™?
   63 |       if (std::[01;31m[Kmod[m[K(n, numD) == 0)
      |                [01;31m[K^~~[m[K
      |                [32m[Kmodf[m[K
[01m[K/home/ngochoan/dev_ws/src/cpp_interface/src/data_processing_node_zz.cpp:63:23:[m[K [01;31m[Kerror: [m[Kâ€˜[01m[KnumD[m[Kâ€™ was not declared in this scope
   63 |       if (std::mod(n, [01;31m[KnumD[m[K) == 0)
      |                       [01;31m[K^~~~[m[K
gmake[2]: *** [CMakeFiles/data_processing_node_zz.dir/build.make:76: CMakeFiles/data_processing_node_zz.dir/src/data_processing_node_zz.cpp.o] Error 1
gmake[1]: *** [CMakeFiles/Makefile2:313: CMakeFiles/data_processing_node_zz.dir/all] Error 2
gmake[1]: *** Waiting for unfinished jobs....
[ 95%] [32m[1mLinking CXX executable data_processing_node_straight[0m
[ 95%] Built target data_processing_node_straight
gmake: *** [Makefile:146: all] Error 2
