[0.011s] Invoking command in '/home/ngochoan/dev_ws/build/cpp_interface': CMAKE_PREFIX_PATH=/opt/ros/humble /usr/bin/cmake --build /home/ngochoan/dev_ws/build/cpp_interface -- -j8 -l8
[0.037s] -- Found ament_cmake: 1.3.8 (/opt/ros/humble/share/ament_cmake/cmake)
[0.155s] -- Found rclcpp: 16.0.8 (/opt/ros/humble/share/rclcpp/cmake)
[0.189s] -- Found rosidl_generator_c: 3.1.5 (/opt/ros/humble/share/rosidl_generator_c/cmake)
[0.191s] -- Found rosidl_adapter: 3.1.5 (/opt/ros/humble/share/rosidl_adapter/cmake)
[0.198s] -- Found rosidl_generator_cpp: 3.1.5 (/opt/ros/humble/share/rosidl_generator_cpp/cmake)
[0.214s] -- Using all available rosidl_typesupport_c: rosidl_typesupport_fastrtps_c;rosidl_typesupport_introspection_c
[0.247s] -- Using all available rosidl_typesupport_cpp: rosidl_typesupport_fastrtps_cpp;rosidl_typesupport_introspection_cpp
[0.308s] -- Found rmw_implementation_cmake: 6.1.1 (/opt/ros/humble/share/rmw_implementation_cmake/cmake)
[0.310s] -- Found rmw_fastrtps_cpp: 6.2.6 (/opt/ros/humble/share/rmw_fastrtps_cpp/cmake)
[0.452s] -- Using RMW implementation 'rmw_fastrtps_cpp' as default
[0.612s] -- Found tf2_msgs: 0.25.6 (/opt/ros/humble/share/tf2_msgs/cmake)
[0.793s] -- Found ament_lint_auto: 0.12.10 (/opt/ros/humble/share/ament_lint_auto/cmake)
[0.862s] -- Added test 'cppcheck' to perform static code analysis on C / C++ code
[0.862s] -- Configured cppcheck include dirs: 
[0.863s] -- Configured cppcheck exclude dirs and/or files: 
[0.863s] -- Added test 'flake8' to check Python code syntax and style conventions
[0.863s] -- Added test 'lint_cmake' to check CMake code style
[0.864s] -- Added test 'pep257' to check Python code against some of the docstring style conventions in PEP 257
[0.865s] -- Added test 'uncrustify' to check C / C++ code style
[0.865s] -- Configured uncrustify additional arguments: 
[0.866s] -- Added test 'xmllint' to check XML markup files
[0.867s] -- Configuring done
[0.899s] -- Generating done
[0.901s] -- Build files have been written to: /home/ngochoan/dev_ws/build/cpp_interface
[0.932s] [35m[1mConsolidate compiler generated dependencies of target fuzzy_longitudinal_controllers[0m
[0.932s] [35m[1mConsolidate compiler generated dependencies of target read_parameters_pi[0m
[0.932s] [35m[1mConsolidate compiler generated dependencies of target straight_line_node[0m
[0.932s] [35m[1mConsolidate compiler generated dependencies of target pid_node[0m
[0.932s] [35m[1mConsolidate compiler generated dependencies of target data_processing_node[0m
[0.932s] [35m[1mConsolidate compiler generated dependencies of target test_cmd_vel[0m
[0.948s] [  9%] [32mBuilding CXX object CMakeFiles/data_processing_node_straight.dir/src/data_processing_node_straight.cpp.o[0m
[0.949s] [  9%] [32mBuilding CXX object CMakeFiles/data_processing_node_zz.dir/src/data_processing_node_zz.cpp.o[0m
[0.954s] [ 18%] Built target read_parameters_pi
[0.955s] [ 31%] Built target straight_line_node
[0.955s] [ 36%] Built target test_cmd_vel
[0.955s] [ 45%] Built target pid_node
[0.958s] [ 54%] Built target fuzzy_longitudinal_controllers
[0.964s] [ 63%] Built target data_processing_node
[0.966s] [35m[1mConsolidate compiler generated dependencies of target circumference_node[0m
[0.966s] [35m[1mConsolidate compiler generated dependencies of target sinusoidal_node[0m
[0.967s] [35m[1mConsolidate compiler generated dependencies of target controllers_node[0m
[0.983s] [ 81%] Built target sinusoidal_node
[0.984s] [ 81%] Built target circumference_node
[0.986s] [ 90%] Built target controllers_node
[3.816s] [01m[K/home/ngochoan/dev_ws/src/cpp_interface/src/data_processing_node_zz.cpp:[m[K In member function â€˜[01m[Kvoid DataProcessingNode::initializeArrays()[m[Kâ€™:
[3.816s] [01m[K/home/ngochoan/dev_ws/src/cpp_interface/src/data_processing_node_zz.cpp:60:37:[m[K [01;31m[Kerror: [m[Kâ€˜[01m[KPHI[m[Kâ€™ was not declared in this scope
[3.816s]    60 |       y[n] = D * (n + 1) * std::cos([01;31m[KPHI[m[K);
[3.816s]       |                                     [01;31m[K^~~[m[K
[3.818s] [01m[K/home/ngochoan/dev_ws/src/cpp_interface/src/data_processing_node_zz.cpp:63:16:[m[K [01;31m[Kerror: [m[Kâ€˜[01m[Kmod[m[Kâ€™ is not a member of â€˜[01m[Kstd[m[Kâ€™; did you mean â€˜[01m[Kmodf[m[Kâ€™?
[3.818s]    63 |       if (std::[01;31m[Kmod[m[K(n, numD) == 0)
[3.818s]       |                [01;31m[K^~~[m[K
[3.818s]       |                [32m[Kmodf[m[K
[3.830s] [01m[K/home/ngochoan/dev_ws/src/cpp_interface/src/data_processing_node_zz.cpp:63:23:[m[K [01;31m[Kerror: [m[Kâ€˜[01m[KnumD[m[Kâ€™ was not declared in this scope
[3.830s]    63 |       if (std::mod(n, [01;31m[KnumD[m[K) == 0)
[3.831s]       |                       [01;31m[K^~~~[m[K
[7.716s] gmake[2]: *** [CMakeFiles/data_processing_node_zz.dir/build.make:76: CMakeFiles/data_processing_node_zz.dir/src/data_processing_node_zz.cpp.o] Error 1
[7.716s] gmake[1]: *** [CMakeFiles/Makefile2:313: CMakeFiles/data_processing_node_zz.dir/all] Error 2
[7.716s] gmake[1]: *** Waiting for unfinished jobs....
[12.085s] [ 95%] [32m[1mLinking CXX executable data_processing_node_straight[0m
[12.674s] [ 95%] Built target data_processing_node_straight
[12.676s] gmake: *** [Makefile:146: all] Error 2
[12.678s] Invoked command in '/home/ngochoan/dev_ws/build/cpp_interface' returned '2': CMAKE_PREFIX_PATH=/opt/ros/humble /usr/bin/cmake --build /home/ngochoan/dev_ws/build/cpp_interface -- -j8 -l8
