-- Found ament_cmake: 1.3.6 (/opt/ros/humble/share/ament_cmake/cmake)
-- Found rclcpp: 16.0.7 (/opt/ros/humble/share/rclcpp/cmake)
-- Found rosidl_generator_c: 3.1.5 (/opt/ros/humble/share/rosidl_generator_c/cmake)
-- Found rosidl_adapter: 3.1.5 (/opt/ros/humble/share/rosidl_adapter/cmake)
-- Found rosidl_generator_cpp: 3.1.5 (/opt/ros/humble/share/rosidl_generator_cpp/cmake)
-- Using all available rosidl_typesupport_c: rosidl_typesupport_fastrtps_c;rosidl_typesupport_introspection_c
-- Using all available rosidl_typesupport_cpp: rosidl_typesupport_fastrtps_cpp;rosidl_typesupport_introspection_cpp
-- Found rmw_implementation_cmake: 6.1.1 (/opt/ros/humble/share/rmw_implementation_cmake/cmake)
-- Found rmw_fastrtps_cpp: 6.2.5 (/opt/ros/humble/share/rmw_fastrtps_cpp/cmake)
-- Using RMW implementation 'rmw_fastrtps_cpp' as default
-- Found geometry_msgs: 4.2.3 (/opt/ros/humble/share/geometry_msgs/cmake)
-- Found ament_lint_auto: 0.12.9 (/opt/ros/humble/share/ament_lint_auto/cmake)
-- Added test 'cppcheck' to perform static code analysis on C / C++ code
-- Configured cppcheck include dirs: 
-- Configured cppcheck exclude dirs and/or files: 
-- Added test 'lint_cmake' to check CMake code style
-- Added test 'uncrustify' to check C / C++ code style
-- Configured uncrustify additional arguments: 
-- Added test 'xmllint' to check XML markup files
-- Configuring done
-- Generating done
-- Build files have been written to: /home/ngochoan/dev_ws/build/cpp_interface
[35m[1mConsolidate compiler generated dependencies of target pid_node[0m
[35m[1mConsolidate compiler generated dependencies of target read_parameters_pi[0m
[35m[1mConsolidate compiler generated dependencies of target test_cmd_vel[0m
[ 12%] [32mBuilding CXX object CMakeFiles/fuzzy_node.dir/src/pid_node.cpp.o[0m
[ 25%] [32mBuilding CXX object CMakeFiles/pid_node.dir/src/pid_node.cpp.o[0m
[ 50%] Built target read_parameters_pi
[ 75%] Built target test_cmd_vel
[01m[K/home/ngochoan/dev_ws/src/cpp_interface/src/pid_node.cpp:[m[K In constructor â€˜[01m[KPIDNode::PIDNode()[m[Kâ€™:
[01m[K/home/ngochoan/dev_ws/src/cpp_interface/src/pid_node.cpp:103:9:[m[K [01;31m[Kerror: [m[Kclass â€˜[01m[KPIDNode[m[Kâ€™ does not have any field named â€˜[01m[Ksetpoints[m[Kâ€™
  103 |         [01;31m[Ksetpoints[m[K({12.3, 14.3, 19.3, 30.3}) {
      |         [01;31m[K^~~~~~~~~[m[K
[01m[K/home/ngochoan/dev_ws/src/cpp_interface/src/pid_node.cpp:[m[K In member function â€˜[01m[Kvoid PIDNode::timer_callback()[m[Kâ€™:
[01m[K/home/ngochoan/dev_ws/src/cpp_interface/src/pid_node.cpp:128:38:[m[K [01;31m[Kerror: [m[Kâ€˜[01m[Ksetpoints[m[Kâ€™ was not declared in this scope
  128 |         motorController.updateMotors([01;31m[Ksetpoints[m[K, currentValues);
      |                                      [01;31m[K^~~~~~~~~[m[K
[01m[K/home/ngochoan/dev_ws/src/cpp_interface/src/pid_node.cpp:[m[K In constructor â€˜[01m[KPIDNode::PIDNode()[m[Kâ€™:
[01m[K/home/ngochoan/dev_ws/src/cpp_interface/src/pid_node.cpp:103:9:[m[K [01;31m[Kerror: [m[Kclass â€˜[01m[KPIDNode[m[Kâ€™ does not have any field named â€˜[01m[Ksetpoints[m[Kâ€™
  103 |         [01;31m[Ksetpoints[m[K({12.3, 14.3, 19.3, 30.3}) {
      |         [01;31m[K^~~~~~~~~[m[K
[01m[K/home/ngochoan/dev_ws/src/cpp_interface/src/pid_node.cpp:[m[K In member function â€˜[01m[Kvoid PIDNode::velocity_fuzzy_callback(std_msgs::msg::Float64MultiArray_<std::allocator<void> >::SharedPtr)[m[Kâ€™:
[01m[K/home/ngochoan/dev_ws/src/cpp_interface/src/pid_node.cpp:156:7:[m[K [01;31m[Kerror: [m[Kâ€˜[01m[Ksetpoints[m[Kâ€™ was not declared in this scope
  156 |       [01;31m[Ksetpoints[m[K[0] = setpoints[1] = msg->data[0] / RADIUS; // Vlef/R
      |       [01;31m[K^~~~~~~~~[m[K
[01m[K/home/ngochoan/dev_ws/src/cpp_interface/src/pid_node.cpp:[m[K In member function â€˜[01m[Kvoid PIDNode::timer_callback()[m[Kâ€™:
[01m[K/home/ngochoan/dev_ws/src/cpp_interface/src/pid_node.cpp:128:38:[m[K [01;31m[Kerror: [m[Kâ€˜[01m[Ksetpoints[m[Kâ€™ was not declared in this scope
  128 |         motorController.updateMotors([01;31m[Ksetpoints[m[K, currentValues);
      |                                      [01;31m[K^~~~~~~~~[m[K
[01m[K/home/ngochoan/dev_ws/src/cpp_interface/src/pid_node.cpp:[m[K In member function â€˜[01m[Kvoid PIDNode::velocity_fuzzy_callback(std_msgs::msg::Float64MultiArray_<std::allocator<void> >::SharedPtr)[m[Kâ€™:
[01m[K/home/ngochoan/dev_ws/src/cpp_interface/src/pid_node.cpp:156:7:[m[K [01;31m[Kerror: [m[Kâ€˜[01m[Ksetpoints[m[Kâ€™ was not declared in this scope
  156 |       [01;31m[Ksetpoints[m[K[0] = setpoints[1] = msg->data[0] / RADIUS; // Vlef/R
      |       [01;31m[K^~~~~~~~~[m[K
gmake[2]: *** [CMakeFiles/fuzzy_node.dir/build.make:76: CMakeFiles/fuzzy_node.dir/src/pid_node.cpp.o] Error 1
gmake[1]: *** [CMakeFiles/Makefile2:221: CMakeFiles/fuzzy_node.dir/all] Error 2
gmake[1]: *** Waiting for unfinished jobs....
gmake[2]: *** [CMakeFiles/pid_node.dir/build.make:76: CMakeFiles/pid_node.dir/src/pid_node.cpp.o] Error 1
gmake[1]: *** [CMakeFiles/Makefile2:195: CMakeFiles/pid_node.dir/all] Error 2
gmake: *** [Makefile:146: all] Error 2
