[35m[1mConsolidate compiler generated dependencies of target pid_node[0m
[ 66%] Built target test_cmd_vel
[ 66%] Built target read_parameters_pi
[ 83%] [32mBuilding CXX object CMakeFiles/pid_node.dir/src/pid_node.cpp.o[0m
[01m[K/home/ngochoan/dev_ws/src/cpp_interface/src/pid_node.cpp:23:6:[m[K [01;31m[Kerror: [m[Kvariable or field â€˜[01m[Kinit_pid[m[Kâ€™ declared void
   23 | void [01;31m[Kinit_pid[m[K(PID_t *pid, float kp, float ki, float kd);
      |      [01;31m[K^~~~~~~~[m[K
[01m[K/home/ngochoan/dev_ws/src/cpp_interface/src/pid_node.cpp:23:15:[m[K [01;31m[Kerror: [m[Kâ€˜[01m[KPID_t[m[Kâ€™ was not declared in this scope
   23 | void init_pid([01;31m[KPID_t[m[K *pid, float kp, float ki, float kd);
      |               [01;31m[K^~~~~[m[K
[01m[K/home/ngochoan/dev_ws/src/cpp_interface/src/pid_node.cpp:23:22:[m[K [01;31m[Kerror: [m[Kâ€˜[01m[Kpid[m[Kâ€™ was not declared in this scope
   23 | void init_pid(PID_t *[01;31m[Kpid[m[K, float kp, float ki, float kd);
      |                      [01;31m[K^~~[m[K
[01m[K/home/ngochoan/dev_ws/src/cpp_interface/src/pid_node.cpp:23:27:[m[K [01;31m[Kerror: [m[Kexpected primary-expression before â€˜[01m[Kfloat[m[Kâ€™
   23 | void init_pid(PID_t *pid, [01;31m[Kfloat[m[K kp, float ki, float kd);
      |                           [01;31m[K^~~~~[m[K
[01m[K/home/ngochoan/dev_ws/src/cpp_interface/src/pid_node.cpp:23:37:[m[K [01;31m[Kerror: [m[Kexpected primary-expression before â€˜[01m[Kfloat[m[Kâ€™
   23 | void init_pid(PID_t *pid, float kp, [01;31m[Kfloat[m[K ki, float kd);
      |                                     [01;31m[K^~~~~[m[K
[01m[K/home/ngochoan/dev_ws/src/cpp_interface/src/pid_node.cpp:23:47:[m[K [01;31m[Kerror: [m[Kexpected primary-expression before â€˜[01m[Kfloat[m[Kâ€™
   23 | void init_pid(PID_t *pid, float kp, float ki, [01;31m[Kfloat[m[K kd);
      |                                               [01;31m[K^~~~~[m[K
[01m[K/home/ngochoan/dev_ws/src/cpp_interface/src/pid_node.cpp:24:42:[m[K [01;31m[Kerror: [m[Kâ€˜[01m[KPID_t[m[Kâ€™ has not been declared
   24 | float PID_controller(float sp, float pv, [01;31m[KPID_t[m[K *pid);
      |                                          [01;31m[K^~~~~[m[K
[01m[K/home/ngochoan/dev_ws/src/cpp_interface/src/pid_node.cpp:[m[K In member function â€˜[01m[Kvoid PIDNode::timer_callback()[m[Kâ€™:
[01m[K/home/ngochoan/dev_ws/src/cpp_interface/src/pid_node.cpp:53:21:[m[K [01;31m[Kerror: [m[Kaggregate â€˜[01m[KMotorController motorController[m[Kâ€™ has incomplete type and cannot be defined
   53 |     MotorController [01;31m[KmotorController[m[K;
      |                     [01;31m[K^~~~~~~~~~~~~~~[m[K
[01m[K/home/ngochoan/dev_ws/src/cpp_interface/src/pid_node.cpp:[m[K In constructor â€˜[01m[KMotorController::MotorController()[m[Kâ€™:
[01m[K/home/ngochoan/dev_ws/src/cpp_interface/src/pid_node.cpp:111:7:[m[K [01;31m[Kerror: [m[Kâ€˜[01m[Kinit_pid[m[Kâ€™ was not declared in this scope; did you mean â€˜[01m[Ksi_pid[m[Kâ€™?
  111 |       [01;31m[Kinit_pid[m[K(&pid, Kp[i], Ki[i], Kd[i]);
      |       [01;31m[K^~~~~~~~[m[K
      |       [32m[Ksi_pid[m[K
[01m[K/home/ngochoan/dev_ws/src/cpp_interface/src/pid_node.cpp:[m[K In member function â€˜[01m[Kstd::vector<float> MotorController::updateMotors(const std::vector<float>&, const std::vector<float>&)[m[Kâ€™:
[01m[K/home/ngochoan/dev_ws/src/cpp_interface/src/pid_node.cpp:122:58:[m[K [01;31m[Kerror: [m[Kcannot convert â€˜[01m[K__gnu_cxx::__alloc_traits<std::allocator<PID_t>, PID_t>::value_type*[m[Kâ€™ {aka â€˜[01m[KPID_t*[m[Kâ€™} to â€˜[01m[Kint*[m[Kâ€™
  122 |           PID_controller(setpoints[i], currentValues[i], &pid_controllers[i]));
[01m[K/home/ngochoan/dev_ws/src/cpp_interface/src/pid_node.cpp:24:49:[m[K [01;36m[Knote: [m[K  initializing argument 3 of â€˜[01m[Kfloat PID_controller(float, float, int*)[m[Kâ€™
   24 | float PID_controller(float sp, float pv, [01;36m[KPID_t *pid[m[K);
      |                                          [01;36m[K~~~~~~~^~~[m[K
gmake[2]: *** [CMakeFiles/pid_node.dir/build.make:76: CMakeFiles/pid_node.dir/src/pid_node.cpp.o] Error 1
gmake[1]: *** [CMakeFiles/Makefile2:193: CMakeFiles/pid_node.dir/all] Error 2
gmake: *** [Makefile:146: all] Error 2
