[01m[K/home/ngochoan/dev_ws/src/cpp_interface/src/stanley_node.cpp:[m[K In member function â€˜[01m[Kvoid StanleyNode::timer_callback()[m[Kâ€™:
[01m[K/home/ngochoan/dev_ws/src/cpp_interface/src/stanley_node.cpp:50:30:[m[K [01;31m[Kerror: [m[Kâ€˜[01m[Kdesired_positon[m[Kâ€™ was not declared in this scope; did you mean â€˜[01m[Kdesired_position[m[Kâ€™?
   50 |     if (actual_position[2] - [01;31m[Kdesired_positon[m[K[2] >= 0)
      |                              [01;31m[K^~~~~~~~~~~~~~~[m[K
      |                              [32m[Kdesired_position[m[K
gmake[2]: *** [CMakeFiles/stanley_node.dir/build.make:76: CMakeFiles/stanley_node.dir/src/stanley_node.cpp.o] Error 1
gmake[1]: *** [CMakeFiles/Makefile2:255: CMakeFiles/stanley_node.dir/all] Error 2
gmake: *** [Makefile:146: all] Error 2
