[35m[1mConsolidate compiler generated dependencies of target fuzzy_node[0m
[ 25%] Built target test_cmd_vel
[ 50%] Built target pid_node
[ 75%] Built target read_parameters_pi
[ 87%] [32mBuilding CXX object CMakeFiles/fuzzy_node.dir/src/fuzzy_node.cpp.o[0m
[01m[K/home/ngochoan/dev_ws/src/cpp_interface/src/fuzzy_node.cpp:[m[K In member function â€˜[01m[Kvoid FuzzyNode::timer_callback()[m[Kâ€™:
[01m[K/home/ngochoan/dev_ws/src/cpp_interface/src/fuzzy_node.cpp:85:5:[m[K [01;31m[Kerror: [m[Kâ€˜[01m[Kpublisher_desired_angle_[m[Kâ€™ was not declared in this scope
   85 |     [01;31m[Kpublisher_desired_angle_[m[K->publish(message);
      |     [01;31m[K^~~~~~~~~~~~~~~~~~~~~~~~[m[K
[01m[K/home/ngochoan/dev_ws/src/cpp_interface/src/fuzzy_node.cpp:[m[K In function â€˜[01m[Kdouble run_fuzzy(double, double)[m[Kâ€™:
[01m[K/home/ngochoan/dev_ws/src/cpp_interface/src/fuzzy_node.cpp:192:10:[m[K [01;31m[Kerror: [m[Kâ€˜[01m[Kmin[m[Kâ€™ was not declared in this scope; did you mean â€˜[01m[Kstd::min[m[Kâ€™?
  192 |   r[0] = [01;31m[Kmin[m[K(e.NB, e_dot.NE);
      |          [01;31m[K^~~[m[K
      |          [32m[Kstd::min[m[K
In file included from [01m[K/usr/include/c++/11/algorithm:62[m[K,
                 from [01m[K/opt/ros/humble/include/rclcpp/rclcpp/executor.hpp:18[m[K,
                 from [01m[K/opt/ros/humble/include/rclcpp/rclcpp/executors/multi_threaded_executor.hpp:25[m[K,
                 from [01m[K/opt/ros/humble/include/rclcpp/rclcpp/executors.hpp:21[m[K,
                 from [01m[K/opt/ros/humble/include/rclcpp/rclcpp/rclcpp.hpp:155[m[K,
                 from [01m[K/home/ngochoan/dev_ws/src/cpp_interface/src/fuzzy_node.cpp:9[m[K:
[01m[K/usr/include/c++/11/bits/stl_algo.h:3455:5:[m[K [01;36m[Knote: [m[Kâ€˜[01m[Kstd::min[m[Kâ€™ declared here
 3455 |     [01;36m[Kmin[m[K(initializer_list<_Tp> __l, _Compare __comp)
      |     [01;36m[K^~~[m[K
[01m[K/home/ngochoan/dev_ws/src/cpp_interface/src/fuzzy_node.cpp:224:14:[m[K [01;31m[Kerror: [m[Kâ€˜[01m[Kmax[m[Kâ€™ was not declared in this scope; did you mean â€˜[01m[Kstd::max[m[Kâ€™?
  224 |   u_dot.NM = [01;31m[Kmax[m[K(r[1], r[3]);
      |              [01;31m[K^~~[m[K
      |              [32m[Kstd::max[m[K
In file included from [01m[K/usr/include/c++/11/algorithm:62[m[K,
                 from [01m[K/opt/ros/humble/include/rclcpp/rclcpp/executor.hpp:18[m[K,
                 from [01m[K/opt/ros/humble/include/rclcpp/rclcpp/executors/multi_threaded_executor.hpp:25[m[K,
                 from [01m[K/opt/ros/humble/include/rclcpp/rclcpp/executors.hpp:21[m[K,
                 from [01m[K/opt/ros/humble/include/rclcpp/rclcpp/rclcpp.hpp:155[m[K,
                 from [01m[K/home/ngochoan/dev_ws/src/cpp_interface/src/fuzzy_node.cpp:9[m[K:
[01m[K/usr/include/c++/11/bits/stl_algo.h:3467:5:[m[K [01;36m[Knote: [m[Kâ€˜[01m[Kstd::max[m[Kâ€™ declared here
 3467 |     [01;36m[Kmax[m[K(initializer_list<_Tp> __l, _Compare __comp)
      |     [01;36m[K^~~[m[K
[01m[K/home/ngochoan/dev_ws/src/cpp_interface/src/fuzzy_node.cpp:[m[K In function â€˜[01m[Kdouble PI_fuzzy(double, double, PI_FUZZY_t*)[m[Kâ€™:
[01m[K/home/ngochoan/dev_ws/src/cpp_interface/src/fuzzy_node.cpp:255:24:[m[K [01;31m[Kerror: [m[Kcannot convert â€˜[01m[Kdouble[m[Kâ€™ to â€˜[01m[Kdouble*[m[Kâ€™
  255 |   P_part = limit_range([01;31m[KP_part[m[K);
      |                        [01;31m[K^~~~~~[m[K
      |                        [01;31m[K|[m[K
      |                        [01;31m[Kdouble[m[K
[01m[K/home/ngochoan/dev_ws/src/cpp_interface/src/fuzzy_node.cpp:243:26:[m[K [01;36m[Knote: [m[K  initializing argument 1 of â€˜[01m[Kvoid limit_range(double*)[m[Kâ€™
  243 | void limit_range([01;36m[Kdouble *x[m[K) {
      |                  [01;36m[K~~~~~~~~^[m[K
[01m[K/home/ngochoan/dev_ws/src/cpp_interface/src/fuzzy_node.cpp:257:24:[m[K [01;31m[Kerror: [m[Kcannot convert â€˜[01m[Kdouble[m[Kâ€™ to â€˜[01m[Kdouble*[m[Kâ€™
  257 |   D_part = limit_range([01;31m[KD_part[m[K);
      |                        [01;31m[K^~~~~~[m[K
      |                        [01;31m[K|[m[K
      |                        [01;31m[Kdouble[m[K
[01m[K/home/ngochoan/dev_ws/src/cpp_interface/src/fuzzy_node.cpp:243:26:[m[K [01;36m[Knote: [m[K  initializing argument 1 of â€˜[01m[Kvoid limit_range(double*)[m[Kâ€™
  243 | void limit_range([01;36m[Kdouble *x[m[K) {
      |                  [01;36m[K~~~~~~~~^[m[K
[01m[K/home/ngochoan/dev_ws/src/cpp_interface/src/fuzzy_node.cpp:263:3:[m[K [01;31m[Kerror: [m[Kâ€˜[01m[Kpid[m[Kâ€™ was not declared in this scope
  263 |   [01;31m[Kpid[m[K->uk_1 = uk;
      |   [01;31m[K^~~[m[K
[01m[K/home/ngochoan/dev_ws/src/cpp_interface/src/fuzzy_node.cpp:252:26:[m[K [01;35m[Kwarning: [m[Kunused variable â€˜[01m[KU_part[m[Kâ€™ [[01;35m[K]8;;https://gcc.gnu.org/onlinedocs/gcc/Warning-Options.html#index-Wunused-variable-Wunused-variable]8;;[m[K]
  252 |   double P_part, D_part, [01;35m[KU_part[m[K;
      |                          [01;35m[K^~~~~~[m[K
gmake[2]: *** [CMakeFiles/fuzzy_node.dir/build.make:76: CMakeFiles/fuzzy_node.dir/src/fuzzy_node.cpp.o] Error 1
gmake[1]: *** [CMakeFiles/Makefile2:221: CMakeFiles/fuzzy_node.dir/all] Error 2
gmake: *** [Makefile:146: all] Error 2
