[0.022s] Invoking command in '/home/ngochoan/dev_ws/build/cpp_interface': CMAKE_PREFIX_PATH=/opt/ros/humble /usr/bin/cmake --build /home/ngochoan/dev_ws/build/cpp_interface -- -j8 -l8
[0.045s] -- Found ament_cmake: 1.3.8 (/opt/ros/humble/share/ament_cmake/cmake)
[0.189s] -- Found rclcpp: 16.0.8 (/opt/ros/humble/share/rclcpp/cmake)
[0.232s] -- Found rosidl_generator_c: 3.1.5 (/opt/ros/humble/share/rosidl_generator_c/cmake)
[0.236s] -- Found rosidl_adapter: 3.1.5 (/opt/ros/humble/share/rosidl_adapter/cmake)
[0.244s] -- Found rosidl_generator_cpp: 3.1.5 (/opt/ros/humble/share/rosidl_generator_cpp/cmake)
[0.261s] -- Using all available rosidl_typesupport_c: rosidl_typesupport_fastrtps_c;rosidl_typesupport_introspection_c
[0.285s] -- Using all available rosidl_typesupport_cpp: rosidl_typesupport_fastrtps_cpp;rosidl_typesupport_introspection_cpp
[0.364s] -- Found rmw_implementation_cmake: 6.1.1 (/opt/ros/humble/share/rmw_implementation_cmake/cmake)
[0.366s] -- Found rmw_fastrtps_cpp: 6.2.6 (/opt/ros/humble/share/rmw_fastrtps_cpp/cmake)
[0.479s] -- Using RMW implementation 'rmw_fastrtps_cpp' as default
[0.619s] -- Found tf2_msgs: 0.25.6 (/opt/ros/humble/share/tf2_msgs/cmake)
[0.782s] -- Found ament_lint_auto: 0.12.10 (/opt/ros/humble/share/ament_lint_auto/cmake)
[0.858s] -- Added test 'cppcheck' to perform static code analysis on C / C++ code
[0.858s] -- Configured cppcheck include dirs: 
[0.858s] -- Configured cppcheck exclude dirs and/or files: 
[0.858s] -- Added test 'flake8' to check Python code syntax and style conventions
[0.859s] -- Added test 'lint_cmake' to check CMake code style
[0.859s] -- Added test 'pep257' to check Python code against some of the docstring style conventions in PEP 257
[0.861s] -- Added test 'uncrustify' to check C / C++ code style
[0.861s] -- Configured uncrustify additional arguments: 
[0.861s] -- Added test 'xmllint' to check XML markup files
[0.862s] -- Configuring done
[0.898s] -- Generating done
[0.900s] -- Build files have been written to: /home/ngochoan/dev_ws/build/cpp_interface
[0.928s] [35m[1mConsolidate compiler generated dependencies of target fuzzy_longitudinal_controllers[0m
[0.928s] [35m[1mConsolidate compiler generated dependencies of target straight_line_node[0m
[0.928s] [35m[1mConsolidate compiler generated dependencies of target test_cmd_vel[0m
[0.928s] [35m[1mConsolidate compiler generated dependencies of target read_parameters_pi[0m
[0.929s] [35m[1mConsolidate compiler generated dependencies of target pid_node[0m
[0.929s] [35m[1mConsolidate compiler generated dependencies of target stanley_node[0m
[0.930s] [35m[1mConsolidate compiler generated dependencies of target sinusoidal_node[0m
[0.943s] [35m[1mConsolidate compiler generated dependencies of target circumference_node[0m
[0.952s] [ 22%] Built target stanley_node
[0.952s] [ 22%] Built target read_parameters_pi
[0.954s] [ 33%] Built target straight_line_node
[0.957s] [ 38%] [32mBuilding CXX object CMakeFiles/pid_node.dir/src/pid_node.cpp.o[0m
[0.958s] [ 50%] Built target fuzzy_longitudinal_controllers
[0.961s] [ 61%] Built target sinusoidal_node
[0.964s] [ 72%] Built target test_cmd_vel
[0.966s] [ 83%] Built target circumference_node
[0.977s] [ 88%] [32mBuilding CXX object CMakeFiles/controllers_node.dir/src/controllers_node.cpp.o[0m
[2.987s] [01m[K/home/ngochoan/dev_ws/src/cpp_interface/src/controllers_node.cpp:[m[K In constructor â€˜[01m[KControllersNode::ControllersNode()[m[Kâ€™:
[2.987s] [01m[K/home/ngochoan/dev_ws/src/cpp_interface/src/controllers_node.cpp:63:104:[m[K [01;31m[Kerror: [m[Kexpected â€˜[01m[K{[m[Kâ€™ before â€˜[01m[Koutput_liear_velocity[m[Kâ€™
[2.988s]    63 |   ControllersNode() : Node("controllers_node"), deltaDistance(0.0), deltaAngle1(0.0), deltaAngle2(0.0) [01;31m[Koutput_liear_velocity[m[K(0.0) {
[2.988s]       |                                                                                                        [01;31m[K^~~~~~~~~~~~~~~~~~~~~[m[K
[2.988s] [01m[K/home/ngochoan/dev_ws/src/cpp_interface/src/controllers_node.cpp:[m[K In member function â€˜[01m[Kvoid ControllersNode::timer_callback()[m[Kâ€™:
[2.988s] [01m[K/home/ngochoan/dev_ws/src/cpp_interface/src/controllers_node.cpp:80:46:[m[K [01;31m[Kerror: [m[Kexpected primary-expression before â€˜[01m[Kdouble[m[Kâ€™
[2.988s]    80 |       output_liear_velocity= linear_velocity([01;31m[Kdouble[m[K deltaDistance, double deltaAngle1);
[2.988s]       |                                              [01;31m[K^~~~~~[m[K
[2.988s] [01m[K/home/ngochoan/dev_ws/src/cpp_interface/src/controllers_node.cpp:80:68:[m[K [01;31m[Kerror: [m[Kexpected primary-expression before â€˜[01m[Kdouble[m[Kâ€™
[2.988s]    80 |       output_liear_velocity= linear_velocity(double deltaDistance, [01;31m[Kdouble[m[K deltaAngle1);
[2.988s]       |                                                                    [01;31m[K^~~~~~[m[K
[2.994s] [01m[K/home/ngochoan/dev_ws/src/cpp_interface/src/controllers_node.cpp:[m[K In function â€˜[01m[Kint main(int, char**)[m[Kâ€™:
[2.994s] [01m[K/home/ngochoan/dev_ws/src/cpp_interface/src/controllers_node.cpp:118:33:[m[K [01;31m[Kerror: [m[Kâ€˜[01m[KFuzzyNode[m[Kâ€™ was not declared in this scope
[2.994s]   118 |   rclcpp::spin(std::make_shared<[01;31m[KFuzzyNode[m[K>());
[2.994s]       |                                 [01;31m[K^~~~~~~~~[m[K
[2.994s] [01m[K/home/ngochoan/dev_ws/src/cpp_interface/src/controllers_node.cpp:118:43:[m[K [01;31m[Kerror: [m[Kno matching function for call to â€˜[01m[Kmake_shared<<expression error> >()[m[Kâ€™
[2.994s]   118 |   rclcpp::spin([01;31m[Kstd::make_shared<FuzzyNode>()[m[K);
[2.994s]       |                [01;31m[K~~~~~~~~~~~~~~~~~~~~~~~~~~~^~[m[K
[2.994s] In file included from [01m[K/usr/include/c++/11/memory:77[m[K,
[2.995s]                  from [01m[K/home/ngochoan/dev_ws/src/cpp_interface/src/controllers_node.cpp:13[m[K:
[2.995s] [01m[K/usr/include/c++/11/bits/shared_ptr.h:875:5:[m[K [01;36m[Knote: [m[Kcandidate: â€˜[01m[Ktemplate<class _Tp, class ... _Args> std::shared_ptr<_Tp> std::make_shared(_Args&& ...)[m[Kâ€™
[2.995s]   875 |     [01;36m[Kmake_shared[m[K(_Args&&... __args)
[2.995s]       |     [01;36m[K^~~~~~~~~~~[m[K
[2.995s] [01m[K/usr/include/c++/11/bits/shared_ptr.h:875:5:[m[K [01;36m[Knote: [m[K  template argument deduction/substitution failed:
[2.995s] [01m[K/home/ngochoan/dev_ws/src/cpp_interface/src/controllers_node.cpp:118:43:[m[K [01;31m[Kerror: [m[Ktemplate argument 1 is invalid
[2.995s]   118 |   rclcpp::spin([01;31m[Kstd::make_shared<FuzzyNode>()[m[K);
[2.995s]       |                [01;31m[K~~~~~~~~~~~~~~~~~~~~~~~~~~~^~[m[K
[2.998s] [01m[K/home/ngochoan/dev_ws/src/cpp_interface/src/controllers_node.cpp:[m[K In function â€˜[01m[Kdouble PD_fuzzy(double, double)[m[Kâ€™:
[2.998s] [01m[K/home/ngochoan/dev_ws/src/cpp_interface/src/controllers_node.cpp:249:13:[m[K [01;31m[Kerror: [m[Kâ€˜[01m[KPI[m[Kâ€™ was not declared in this scope
[2.998s]   249 |   if (ek < -[01;31m[KPI[m[K) {
[2.998s]       |             [01;31m[K^~[m[K
[3.000s] [01m[K/home/ngochoan/dev_ws/src/cpp_interface/src/controllers_node.cpp:252:12:[m[K [01;31m[Kerror: [m[Kâ€˜[01m[KPI[m[Kâ€™ was not declared in this scope
[3.000s]   252 |   if (ek > [01;31m[KPI[m[K) {
[3.000s]       |            [01;31m[K^~[m[K
[3.452s] gmake[2]: *** [CMakeFiles/controllers_node.dir/build.make:76: CMakeFiles/controllers_node.dir/src/controllers_node.cpp.o] Error 1
[3.452s] gmake[1]: *** [CMakeFiles/Makefile2:361: CMakeFiles/controllers_node.dir/all] Error 2
[3.452s] gmake[1]: *** Waiting for unfinished jobs....
[8.017s] [ 94%] [32m[1mLinking CXX executable pid_node[0m
[8.341s] [ 94%] Built target pid_node
[8.342s] gmake: *** [Makefile:146: all] Error 2
[8.344s] Invoked command in '/home/ngochoan/dev_ws/build/cpp_interface' returned '2': CMAKE_PREFIX_PATH=/opt/ros/humble /usr/bin/cmake --build /home/ngochoan/dev_ws/build/cpp_interface -- -j8 -l8
