[0.055s] Invoking command in '/home/ngochoan/dev_ws/build/cpp_pubsub': CMAKE_PREFIX_PATH=/opt/ros/humble /usr/bin/cmake --build /home/ngochoan/dev_ws/build/cpp_pubsub -- -j8 -l8
[0.097s] [ 66%] [32mBuilding CXX object CMakeFiles/listener.dir/src/subscriber_member_function.cpp.o[0m
[0.097s] [ 83%] Built target talker
[0.097s] [ 83%] Built target listener_pico
[2.092s] [01m[K/home/ngochoan/dev_ws/src/cpp_pubsub/src/subscriber_member_function.cpp:27:44:[m[K [01;31m[Kerror: [m[Kâ€˜[01m[KFloat64__Sequence[m[Kâ€™ in namespace â€˜[01m[Kstd_msgs::msg[m[Kâ€™ does not name a type
[2.092s]    27 |   void topic_callback(const std_msgs::msg::[01;31m[KFloat64__Sequence[m[K::SharedPtr msg) const
[2.092s]       |                                            [01;31m[K^~~~~~~~~~~~~~~~~[m[K
[2.092s] [01m[K/home/ngochoan/dev_ws/src/cpp_pubsub/src/subscriber_member_function.cpp:27:73:[m[K [01;31m[Kerror: [m[Kexpected unqualified-id before â€˜[01m[Kmsg[m[Kâ€™
[2.092s]    27 |   void topic_callback(const std_msgs::msg::Float64__Sequence::SharedPtr [01;31m[Kmsg[m[K) const
[2.092s]       |                                                                         [01;31m[K^~~[m[K
[2.092s] [01m[K/home/ngochoan/dev_ws/src/cpp_pubsub/src/subscriber_member_function.cpp:27:72:[m[K [01;31m[Kerror: [m[Kexpected â€˜[01m[K)[m[Kâ€™ before â€˜[01m[Kmsg[m[Kâ€™
[2.092s]    27 |   void topic_callback[34m[K([m[Kconst std_msgs::msg::Float64__Sequence::SharedPtr[01;31m[K [m[K[32m[Kmsg[m[K) const
[2.092s]       |                      [34m[K~[m[K                                                 [01;31m[K^[m[K[32m[K~~~[m[K
[2.092s]       |                                                                        [32m[K)[m[K
[2.092s] [01m[K/home/ngochoan/dev_ws/src/cpp_pubsub/src/subscriber_member_function.cpp:27:63:[m[K [01;31m[Kerror: [m[Kexpected â€˜[01m[K;[m[Kâ€™ at end of member declaration
[2.092s]    27 |   void topic_callback(const std_msgs::msg::Float64__Sequence::[01;31m[KSharedPtr[m[K msg) const
[2.092s]       |                                                               [01;31m[K^~~~~~~~~[m[K
[2.092s]       |                                                                        [32m[K;[m[K
[2.093s] [01m[K/home/ngochoan/dev_ws/src/cpp_pubsub/src/subscriber_member_function.cpp:27:73:[m[K [01;31m[Kerror: [m[Kâ€˜[01m[Kmsg[m[Kâ€™ does not name a type
[2.093s]    27 |   void topic_callback(const std_msgs::msg::Float64__Sequence::SharedPtr [01;31m[Kmsg[m[K) const
[2.093s]       |                                                                         [01;31m[K^~~[m[K
[2.128s] [01m[K/home/ngochoan/dev_ws/src/cpp_pubsub/src/subscriber_member_function.cpp:[m[K In constructor â€˜[01m[KMinimalSubscriber::MinimalSubscriber()[m[Kâ€™:
[2.128s] [01m[K/home/ngochoan/dev_ws/src/cpp_pubsub/src/subscriber_member_function.cpp:16:62:[m[K [01;31m[Kerror: [m[Kâ€˜[01m[KFloat64__Sequence[m[Kâ€™ is not a member of â€˜[01m[Kstd_msgs::msg[m[Kâ€™
[2.128s]    16 |     subscription_ = this->create_subscription<std_msgs::msg::[01;31m[KFloat64__Sequence[m[K>(
[2.128s]       |                                                              [01;31m[K^~~~~~~~~~~~~~~~~[m[K
[2.133s] [01m[K/home/ngochoan/dev_ws/src/cpp_pubsub/src/subscriber_member_function.cpp:16:80:[m[K [01;31m[Kerror: [m[Kno matching function for call to â€˜[01m[KMinimalSubscriber::create_subscription<<expression error> >(const char [21], int, std::_Bind_helper<false, void (MinimalSubscriber::*)(...), MinimalSubscriber*, const std::_Placeholder<1>&>::type)[m[Kâ€™
[2.133s]    16 |     subscription_ = [01;31m[Kthis->create_subscription<std_msgs::msg::Float64__Sequence>([m[K
[2.133s]       |                     [01;31m[K~~~~~~~~~~~~~~~~~~~~~~~~~~~~~~~~~~~~~~~~~~~~~~~~~~~~~~~~~~~^[m[K
[2.133s]    17 | [01;31m[K      "pico_publisher_topic", 10, std::bind(&MinimalSubscriber::topic_callback, this, _1))[m[K;
[2.133s]       |       [01;31m[K~~~~~~~~~~~~~~~~~~~~~~~~~~~~~~~~~~~~~~~~~~~~~~~~~~~~~~~~~~~~~~~~~~~~~~~~~~~~~~~~~~~~[m[K
[2.133s] In file included from [01m[K/opt/ros/humble/include/rclcpp/rclcpp/executors/single_threaded_executor.hpp:28[m[K,
[2.133s]                  from [01m[K/opt/ros/humble/include/rclcpp/rclcpp/executors.hpp:22[m[K,
[2.133s]                  from [01m[K/opt/ros/humble/include/rclcpp/rclcpp/rclcpp.hpp:155[m[K,
[2.133s]                  from [01m[K/home/ngochoan/dev_ws/src/cpp_pubsub/src/subscriber_member_function.cpp:3[m[K:
[2.133s] [01m[K/opt/ros/humble/include/rclcpp/rclcpp/node.hpp:219:3:[m[K [01;36m[Knote: [m[Kcandidate: â€˜[01m[Ktemplate<class MessageT, class CallbackT, class AllocatorT, class SubscriptionT, class MessageMemoryStrategyT> std::shared_ptr<ROSMessageT> rclcpp::Node::create_subscription(const string&, const rclcpp::QoS&, CallbackT&&, const rclcpp::SubscriptionOptionsWithAllocator<AllocatorT>&, typename MessageMemoryStrategyT::SharedPtr)[m[Kâ€™
[2.133s]   219 |   [01;36m[Kcreate_subscription[m[K(
[2.133s]       |   [01;36m[K^~~~~~~~~~~~~~~~~~~[m[K
[2.133s] [01m[K/opt/ros/humble/include/rclcpp/rclcpp/node.hpp:219:3:[m[K [01;36m[Knote: [m[K  template argument deduction/substitution failed:
[2.133s] [01m[K/home/ngochoan/dev_ws/src/cpp_pubsub/src/subscriber_member_function.cpp:16:80:[m[K [01;31m[Kerror: [m[Ktemplate argument 1 is invalid
[2.133s]    16 |     subscription_ = [01;31m[Kthis->create_subscription<std_msgs::msg::Float64__Sequence>([m[K
[2.134s]       |                     [01;31m[K~~~~~~~~~~~~~~~~~~~~~~~~~~~~~~~~~~~~~~~~~~~~~~~~~~~~~~~~~~~^[m[K
[2.134s]    17 | [01;31m[K      "pico_publisher_topic", 10, std::bind(&MinimalSubscriber::topic_callback, this, _1))[m[K;
[2.134s]       |       [01;31m[K~~~~~~~~~~~~~~~~~~~~~~~~~~~~~~~~~~~~~~~~~~~~~~~~~~~~~~~~~~~~~~~~~~~~~~~~~~~~~~~~~~~~[m[K
[2.540s] gmake[2]: *** [CMakeFiles/listener.dir/build.make:76: CMakeFiles/listener.dir/src/subscriber_member_function.cpp.o] Error 1
[2.540s] gmake[1]: *** [CMakeFiles/Makefile2:167: CMakeFiles/listener.dir/all] Error 2
[2.540s] gmake: *** [Makefile:146: all] Error 2
[2.542s] Invoked command in '/home/ngochoan/dev_ws/build/cpp_pubsub' returned '2': CMAKE_PREFIX_PATH=/opt/ros/humble /usr/bin/cmake --build /home/ngochoan/dev_ws/build/cpp_pubsub -- -j8 -l8
