[35m[1mConsolidate compiler generated dependencies of target listener[0m
[ 66%] [32mBuilding CXX object CMakeFiles/listener.dir/src/subscriber_member_function.cpp.o[0m
[ 83%] Built target talker
[ 83%] Built target listener_pico
[01m[K/home/ngochoan/dev_ws/src/cpp_pubsub/src/subscriber_member_function.cpp:7:10:[m[K [01;31m[Kerror: [m[Kâ€˜[01m[KStdMsgsMsgFloat64[m[Kâ€™ does not name a type
    7 |  typedef [01;31m[KStdMsgsMsgFloat64[m[K
      |          [01;31m[K^~~~~~~~~~~~~~~~~[m[K
[01m[K/home/ngochoan/dev_ws/src/cpp_pubsub/src/subscriber_member_function.cpp:10:5:[m[K [01;31m[Kerror: [m[Kâ€˜[01m[KStdMsgsMsgFloat64[m[Kâ€™ does not name a type
   10 |   } [01;31m[KStdMsgsMsgFloat64[m[K;
      |     [01;31m[K^~~~~~~~~~~~~~~~~[m[K
[01m[K/home/ngochoan/dev_ws/src/cpp_pubsub/src/subscriber_member_function.cpp:12:11:[m[K [01;31m[Kerror: [m[Kâ€˜[01m[KStdMsgsMsgFloat64Sequence[m[Kâ€™ does not name a type
   12 |   typedef [01;31m[KStdMsgsMsgFloat64Sequence[m[K
      |           [01;31m[K^~~~~~~~~~~~~~~~~~~~~~~~~[m[K
[01m[K/home/ngochoan/dev_ws/src/cpp_pubsub/src/subscriber_member_function.cpp:17:5:[m[K [01;31m[Kerror: [m[Kâ€˜[01m[KStdMsgsMsgFloat64Sequence[m[Kâ€™ does not name a type
   17 |   } [01;31m[KStdMsgsMsgFloat64Sequence[m[K;
      |     [01;31m[K^~~~~~~~~~~~~~~~~~~~~~~~~[m[K
[01m[K/home/ngochoan/dev_ws/src/cpp_pubsub/src/subscriber_member_function.cpp:39:29:[m[K [01;31m[Kerror: [m[Kâ€˜[01m[KStdMsgsMsgFloat64Sequence[m[Kâ€™ does not name a type
   39 |   void topic_callback(const [01;31m[KStdMsgsMsgFloat64Sequence[m[K::SharedPtr msg) const
      |                             [01;31m[K^~~~~~~~~~~~~~~~~~~~~~~~~[m[K
[01m[K/home/ngochoan/dev_ws/src/cpp_pubsub/src/subscriber_member_function.cpp:39:66:[m[K [01;31m[Kerror: [m[Kexpected unqualified-id before â€˜[01m[Kmsg[m[Kâ€™
   39 |   void topic_callback(const StdMsgsMsgFloat64Sequence::SharedPtr [01;31m[Kmsg[m[K) const
      |                                                                  [01;31m[K^~~[m[K
[01m[K/home/ngochoan/dev_ws/src/cpp_pubsub/src/subscriber_member_function.cpp:39:65:[m[K [01;31m[Kerror: [m[Kexpected â€˜[01m[K)[m[Kâ€™ before â€˜[01m[Kmsg[m[Kâ€™
   39 |   void topic_callback[34m[K([m[Kconst StdMsgsMsgFloat64Sequence::SharedPtr[01;31m[K [m[K[32m[Kmsg[m[K) const
      |                      [34m[K~[m[K                                          [01;31m[K^[m[K[32m[K~~~[m[K
      |                                                                 [32m[K)[m[K
[01m[K/home/ngochoan/dev_ws/src/cpp_pubsub/src/subscriber_member_function.cpp:39:56:[m[K [01;31m[Kerror: [m[Kexpected â€˜[01m[K;[m[Kâ€™ at end of member declaration
   39 |   void topic_callback(const StdMsgsMsgFloat64Sequence::[01;31m[KSharedPtr[m[K msg) const
      |                                                        [01;31m[K^~~~~~~~~[m[K
      |                                                                 [32m[K;[m[K
[01m[K/home/ngochoan/dev_ws/src/cpp_pubsub/src/subscriber_member_function.cpp:39:66:[m[K [01;31m[Kerror: [m[Kâ€˜[01m[Kmsg[m[Kâ€™ does not name a type
   39 |   void topic_callback(const StdMsgsMsgFloat64Sequence::SharedPtr [01;31m[Kmsg[m[K) const
      |                                                                  [01;31m[K^~~[m[K
[01m[K/home/ngochoan/dev_ws/src/cpp_pubsub/src/subscriber_member_function.cpp:52:24:[m[K [01;31m[Kerror: [m[Kâ€˜[01m[KStdMsgsMsgFloat64Sequence[m[Kâ€™ was not declared in this scope
   52 |   rclcpp::Subscription<[01;31m[KStdMsgsMsgFloat64Sequence[m[K>::SharedPtr subscription_;
      |                        [01;31m[K^~~~~~~~~~~~~~~~~~~~~~~~~[m[K
[01m[K/home/ngochoan/dev_ws/src/cpp_pubsub/src/subscriber_member_function.cpp:52:49:[m[K [01;31m[Kerror: [m[Ktemplate argument 1 is invalid
   52 |   rclcpp::Subscription<StdMsgsMsgFloat64Sequence[01;31m[K>[m[K::SharedPtr subscription_;
      |                                                 [01;31m[K^[m[K
[01m[K/home/ngochoan/dev_ws/src/cpp_pubsub/src/subscriber_member_function.cpp:52:49:[m[K [01;31m[Kerror: [m[Ktemplate argument 3 is invalid
[01m[K/home/ngochoan/dev_ws/src/cpp_pubsub/src/subscriber_member_function.cpp:52:49:[m[K [01;31m[Kerror: [m[Ktemplate argument 4 is invalid
[01m[K/home/ngochoan/dev_ws/src/cpp_pubsub/src/subscriber_member_function.cpp:52:49:[m[K [01;31m[Kerror: [m[Ktemplate argument 5 is invalid
[01m[K/home/ngochoan/dev_ws/src/cpp_pubsub/src/subscriber_member_function.cpp:52:52:[m[K [01;31m[Kerror: [m[Kexpected â€˜[01m[K;[m[Kâ€™ at end of member declaration
   52 |   rclcpp::Subscription<StdMsgsMsgFloat64Sequence>::[01;31m[KSharedPtr[m[K subscription_;
      |                                                    [01;31m[K^~~~~~~~~[m[K
      |                                                             [32m[K;[m[K
[01m[K/home/ngochoan/dev_ws/src/cpp_pubsub/src/subscriber_member_function.cpp:52:62:[m[K [01;31m[Kerror: [m[Kâ€˜[01m[Ksubscription_[m[Kâ€™ does not name a type; did you mean â€˜[01m[Krmw_subscription_t[m[Kâ€™?
   52 |   rclcpp::Subscription<StdMsgsMsgFloat64Sequence>::SharedPtr [01;31m[Ksubscription_[m[K;
      |                                                              [01;31m[K^~~~~~~~~~~~~[m[K
      |                                                              [32m[Krmw_subscription_t[m[K
[01m[K/home/ngochoan/dev_ws/src/cpp_pubsub/src/subscriber_member_function.cpp:[m[K In constructor â€˜[01m[KMinimalSubscriber::MinimalSubscriber()[m[Kâ€™:
[01m[K/home/ngochoan/dev_ws/src/cpp_pubsub/src/subscriber_member_function.cpp:28:5:[m[K [01;31m[Kerror: [m[Kâ€˜[01m[Ksubscription_[m[Kâ€™ was not declared in this scope; did you mean â€˜[01m[Krmw_subscription_t[m[Kâ€™?
   28 |     [01;31m[Ksubscription_[m[K = this->create_subscription<StdMsgsMsgFloat64Sequence>(
      |     [01;31m[K^~~~~~~~~~~~~[m[K
      |     [32m[Krmw_subscription_t[m[K
[01m[K/home/ngochoan/dev_ws/src/cpp_pubsub/src/subscriber_member_function.cpp:28:47:[m[K [01;31m[Kerror: [m[Kâ€˜[01m[KStdMsgsMsgFloat64Sequence[m[Kâ€™ was not declared in this scope
   28 |     subscription_ = this->create_subscription<[01;31m[KStdMsgsMsgFloat64Sequence[m[K>(
      |                                               [01;31m[K^~~~~~~~~~~~~~~~~~~~~~~~~[m[K
[01m[K/home/ngochoan/dev_ws/src/cpp_pubsub/src/subscriber_member_function.cpp:28:73:[m[K [01;31m[Kerror: [m[Kno matching function for call to â€˜[01m[KMinimalSubscriber::create_subscription<<expression error> >(const char [21], int, std::_Bind_helper<false, void (MinimalSubscriber::*)(...), MinimalSubscriber*, const std::_Placeholder<1>&>::type)[m[Kâ€™
   28 |     subscription_ = [01;31m[Kthis->create_subscription<StdMsgsMsgFloat64Sequence>([m[K
      |                     [01;31m[K~~~~~~~~~~~~~~~~~~~~~~~~~~~~~~~~~~~~~~~~~~~~~~~~~~~~^[m[K
   29 | [01;31m[K      "pico_publisher_topic", 10, std::bind(&MinimalSubscriber::topic_callback, this, _1))[m[K;
      |       [01;31m[K~~~~~~~~~~~~~~~~~~~~~~~~~~~~~~~~~~~~~~~~~~~~~~~~~~~~~~~~~~~~~~~~~~~~~~~~~~~~~~~~~~~~[m[K
In file included from [01m[K/opt/ros/humble/include/rclcpp/rclcpp/executors/single_threaded_executor.hpp:28[m[K,
                 from [01m[K/opt/ros/humble/include/rclcpp/rclcpp/executors.hpp:22[m[K,
                 from [01m[K/opt/ros/humble/include/rclcpp/rclcpp/rclcpp.hpp:155[m[K,
                 from [01m[K/home/ngochoan/dev_ws/src/cpp_pubsub/src/subscriber_member_function.cpp:3[m[K:
[01m[K/opt/ros/humble/include/rclcpp/rclcpp/node.hpp:219:3:[m[K [01;36m[Knote: [m[Kcandidate: â€˜[01m[Ktemplate<class MessageT, class CallbackT, class AllocatorT, class SubscriptionT, class MessageMemoryStrategyT> std::shared_ptr<ROSMessageT> rclcpp::Node::create_subscription(const string&, const rclcpp::QoS&, CallbackT&&, const rclcpp::SubscriptionOptionsWithAllocator<AllocatorT>&, typename MessageMemoryStrategyT::SharedPtr)[m[Kâ€™
  219 |   [01;36m[Kcreate_subscription[m[K(
      |   [01;36m[K^~~~~~~~~~~~~~~~~~~[m[K
[01m[K/opt/ros/humble/include/rclcpp/rclcpp/node.hpp:219:3:[m[K [01;36m[Knote: [m[K  template argument deduction/substitution failed:
[01m[K/home/ngochoan/dev_ws/src/cpp_pubsub/src/subscriber_member_function.cpp:28:73:[m[K [01;31m[Kerror: [m[Ktemplate argument 1 is invalid
   28 |     subscription_ = [01;31m[Kthis->create_subscription<StdMsgsMsgFloat64Sequence>([m[K
      |                     [01;31m[K~~~~~~~~~~~~~~~~~~~~~~~~~~~~~~~~~~~~~~~~~~~~~~~~~~~~^[m[K
   29 | [01;31m[K      "pico_publisher_topic", 10, std::bind(&MinimalSubscriber::topic_callback, this, _1))[m[K;
      |       [01;31m[K~~~~~~~~~~~~~~~~~~~~~~~~~~~~~~~~~~~~~~~~~~~~~~~~~~~~~~~~~~~~~~~~~~~~~~~~~~~~~~~~~~~~[m[K
gmake[2]: *** [CMakeFiles/listener.dir/build.make:76: CMakeFiles/listener.dir/src/subscriber_member_function.cpp.o] Error 1
gmake[1]: *** [CMakeFiles/Makefile2:167: CMakeFiles/listener.dir/all] Error 2
gmake: *** [Makefile:146: all] Error 2
