[01m[K/home/ngochoan/dev_ws/src/cpp_interface/src/circumference_node.cpp:[m[K In member function â€˜[01m[Kvoid CircumferenceNode::flag_callback(std_msgs::msg::Float64MultiArray_<std::allocator<void> >::SharedPtr)[m[Kâ€™:
[01m[K/home/ngochoan/dev_ws/src/cpp_interface/src/circumference_node.cpp:40:39:[m[K [01;31m[Kerror: [m[Kâ€˜[01m[KNUMBER_OF_SAMPLE[m[Kâ€™ was not declared in this scope
   40 |       if (flag != pre_flag && flag <= [01;31m[KNUMBER_OF_SAMPLE[m[K) {
      |                                       [01;31m[K^~~~~~~~~~~~~~~~[m[K
gmake[2]: *** [CMakeFiles/circumference_node.dir/build.make:76: CMakeFiles/circumference_node.dir/src/circumference_node.cpp.o] Error 1
gmake[1]: *** [CMakeFiles/Makefile2:307: CMakeFiles/circumference_node.dir/all] Error 2
gmake: *** [Makefile:146: all] Error 2
