[0.010s] Invoking command in '/home/ngochoan/dev_ws/build/cpp_interface': CMAKE_PREFIX_PATH=/opt/ros/humble /usr/bin/cmake --build /home/ngochoan/dev_ws/build/cpp_interface -- -j8 -l8
[0.052s] [35m[1mConsolidate compiler generated dependencies of target straight_line_node[0m
[0.066s] [  6%] [32mBuilding CXX object CMakeFiles/circumference_node.dir/src/circumference_node.cpp.o[0m
[0.070s] [ 18%] Built target fuzzy_longitudinal_controllers
[0.073s] [ 31%] Built target test_cmd_vel
[0.075s] [ 43%] Built target read_parameters_pi
[0.076s] [ 68%] Built target sinusoidal_node
[0.076s] [ 68%] Built target pid_node
[0.079s] [ 81%] Built target stanley_node
[0.081s] [ 93%] Built target straight_line_node
[2.123s] [01m[K/home/ngochoan/dev_ws/src/cpp_interface/src/circumference_node.cpp:[m[K In member function â€˜[01m[Kvoid CircumferenceNode::flag_callback(std_msgs::msg::Float64MultiArray_<std::allocator<void> >::SharedPtr)[m[Kâ€™:
[2.123s] [01m[K/home/ngochoan/dev_ws/src/cpp_interface/src/circumference_node.cpp:40:39:[m[K [01;31m[Kerror: [m[Kâ€˜[01m[KNUMBER_OF_SAMPLE[m[Kâ€™ was not declared in this scope
[2.123s]    40 |       if (flag != pre_flag && flag <= [01;31m[KNUMBER_OF_SAMPLE[m[K) {
[2.123s]       |                                       [01;31m[K^~~~~~~~~~~~~~~~[m[K
[4.412s] gmake[2]: *** [CMakeFiles/circumference_node.dir/build.make:76: CMakeFiles/circumference_node.dir/src/circumference_node.cpp.o] Error 1
[4.413s] gmake[1]: *** [CMakeFiles/Makefile2:307: CMakeFiles/circumference_node.dir/all] Error 2
[4.413s] gmake: *** [Makefile:146: all] Error 2
[4.415s] Invoked command in '/home/ngochoan/dev_ws/build/cpp_interface' returned '2': CMAKE_PREFIX_PATH=/opt/ros/humble /usr/bin/cmake --build /home/ngochoan/dev_ws/build/cpp_interface -- -j8 -l8
