[01m[K/home/ngochoan/dev_ws/src/cpp_pubsub/src/read_date_picoW.cpp:12:1:[m[K [01;31m[Kerror: [m[Kâ€˜[01m[Kstd_msgs__msg__Float64[m[Kâ€™ does not name a type
   12 | [01;31m[Kstd_msgs__msg__Float64[m[K msgh;
      | [01;31m[K^~~~~~~~~~~~~~~~~~~~~~[m[K
[01m[K/home/ngochoan/dev_ws/src/cpp_pubsub/src/read_date_picoW.cpp:[m[K In function â€˜[01m[Kvoid subscription_callback(const void*)[m[Kâ€™:
[01m[K/home/ngochoan/dev_ws/src/cpp_pubsub/src/read_date_picoW.cpp:16:9:[m[K [01;31m[Kerror: [m[Kâ€˜[01m[Kstd_msgs__msg__Float64[m[Kâ€™ does not name a type
   16 |   const [01;31m[Kstd_msgs__msg__Float64[m[K *msgh = (const std_msgs__msg__Float64 *)msgin;
      |         [01;31m[K^~~~~~~~~~~~~~~~~~~~~~[m[K
[01m[K/home/ngochoan/dev_ws/src/cpp_pubsub/src/read_date_picoW.cpp:17:18:[m[K [01;31m[Kerror: [m[Kâ€˜[01m[Kmsgh[m[Kâ€™ was not declared in this scope
   17 |   printf("%f\n", [01;31m[Kmsgh[m[K->data);
      |                  [01;31m[K^~~~[m[K
[01m[K/home/ngochoan/dev_ws/src/cpp_pubsub/src/read_date_picoW.cpp:14:40:[m[K [01;35m[Kwarning: [m[Kunused parameter â€˜[01m[Kmsgin[m[Kâ€™ [[01;35m[K]8;;https://gcc.gnu.org/onlinedocs/gcc/Warning-Options.html#index-Wunused-parameter-Wunused-parameter]8;;[m[K]
   14 | void subscription_callback([01;35m[Kconst void *msgin[m[K)
      |                            [01;35m[K~~~~~~~~~~~~^~~~~[m[K
[01m[K/home/ngochoan/dev_ws/src/cpp_pubsub/src/read_date_picoW.cpp:[m[K In function â€˜[01m[Kint main()[m[Kâ€™:
[01m[K/home/ngochoan/dev_ws/src/cpp_pubsub/src/read_date_picoW.cpp:22:3:[m[K [01;31m[Kerror: [m[Kâ€˜[01m[Kstdio_init_all[m[Kâ€™ was not declared in this scope
   22 |   [01;31m[Kstdio_init_all[m[K();
      |   [01;31m[K^~~~~~~~~~~~~~[m[K
[01m[K/home/ngochoan/dev_ws/src/cpp_pubsub/src/read_date_picoW.cpp:25:19:[m[K [01;31m[Kerror: [m[Kâ€˜[01m[Kpico_serial_transport_open[m[Kâ€™ was not declared in this scope
   25 |       true, NULL, [01;31m[Kpico_serial_transport_open[m[K, pico_serial_transport_close,
      |                   [01;31m[K^~~~~~~~~~~~~~~~~~~~~~~~~~[m[K
[01m[K/home/ngochoan/dev_ws/src/cpp_pubsub/src/read_date_picoW.cpp:25:47:[m[K [01;31m[Kerror: [m[Kâ€˜[01m[Kpico_serial_transport_close[m[Kâ€™ was not declared in this scope
   25 |       true, NULL, pico_serial_transport_open, [01;31m[Kpico_serial_transport_close[m[K,
      |                                               [01;31m[K^~~~~~~~~~~~~~~~~~~~~~~~~~~[m[K
[01m[K/home/ngochoan/dev_ws/src/cpp_pubsub/src/read_date_picoW.cpp:26:7:[m[K [01;31m[Kerror: [m[Kâ€˜[01m[Kpico_serial_transport_write[m[Kâ€™ was not declared in this scope
   26 |       [01;31m[Kpico_serial_transport_write[m[K, pico_serial_transport_read);
      |       [01;31m[K^~~~~~~~~~~~~~~~~~~~~~~~~~~[m[K
[01m[K/home/ngochoan/dev_ws/src/cpp_pubsub/src/read_date_picoW.cpp:26:36:[m[K [01;31m[Kerror: [m[Kâ€˜[01m[Kpico_serial_transport_read[m[Kâ€™ was not declared in this scope
   26 |       pico_serial_transport_write, [01;31m[Kpico_serial_transport_read[m[K);
      |                                    [01;31m[K^~~~~~~~~~~~~~~~~~~~~~~~~~[m[K
[01m[K/home/ngochoan/dev_ws/src/cpp_pubsub/src/read_date_picoW.cpp:24:3:[m[K [01;31m[Kerror: [m[Kâ€˜[01m[Krmw_uros_set_custom_transport[m[Kâ€™ was not declared in this scope
   24 |   [01;31m[Krmw_uros_set_custom_transport[m[K(
      |   [01;31m[K^~~~~~~~~~~~~~~~~~~~~~~~~~~~~[m[K
In file included from [01m[K/opt/ros/humble/include/rosidl_runtime_c/rosidl_runtime_c/service_type_support_struct.h:20[m[K,
                 from [01m[K/opt/ros/humble/include/rcl/rcl/client.h:25[m[K,
                 from [01m[K/opt/ros/humble/include/rcl/rcl/wait.h:28[m[K,
                 from [01m[K/opt/ros/humble/include/rclcpp/rclcpp/executor.hpp:31[m[K,
                 from [01m[K/opt/ros/humble/include/rclcpp/rclcpp/executors/multi_threaded_executor.hpp:25[m[K,
                 from [01m[K/opt/ros/humble/include/rclcpp/rclcpp/executors.hpp:21[m[K,
                 from [01m[K/opt/ros/humble/include/rclcpp/rclcpp/rclcpp.hpp:155[m[K,
                 from [01m[K/home/ngochoan/dev_ws/src/cpp_pubsub/src/read_date_picoW.cpp:3[m[K:
[01m[K/home/ngochoan/dev_ws/src/cpp_pubsub/src/read_date_picoW.cpp:37:56:[m[K [01;31m[Kerror: [m[Kâ€˜[01m[Krosidl_typesupport_c__get_message_type_support_handle__std_msgs__msg__Float64[m[Kâ€™ was not declared in this scope; did you mean â€˜[01m[Krosidl_typesupport_c__get_message_type_support_handle__action_msgs__msg__GoalStatus[m[Kâ€™?
   37 |   rclc_subscription_init_default(&subscription, &node, [01;31m[KROSIDL_GET_MSG_TYPE_SUPPORT[m[K(std_msgs, msg, Float64), "transfer_to_pico_topic");
      |                                                        [01;31m[K^~~~~~~~~~~~~~~~~~~~~~~~~~~[m[K
[01m[K/home/ngochoan/dev_ws/src/cpp_pubsub/src/read_date_picoW.cpp:39:61:[m[K [01;31m[Kerror: [m[Kâ€˜[01m[Kmsgh[m[Kâ€™ was not declared in this scope
   39 |   rclc_executor_add_subscription(&executor, &subscription, &[01;31m[Kmsgh[m[K, &subscription_callback, ON_NEW_DATA);
      |                                                             [01;31m[K^~~~[m[K
gmake[2]: *** [CMakeFiles/listener_pico.dir/build.make:76: CMakeFiles/listener_pico.dir/src/read_date_picoW.cpp.o] Error 1
gmake[1]: *** [CMakeFiles/Makefile2:193: CMakeFiles/listener_pico.dir/all] Error 2
gmake: *** [Makefile:146: all] Error 2
