[35m[1mConsolidate compiler generated dependencies of target pid_node[0m
[ 66%] Built target read_parameters_pi
[ 66%] Built target test_cmd_vel
[ 83%] [32mBuilding CXX object CMakeFiles/pid_node.dir/src/pid_node.cpp.o[0m
[01m[K/home/ngochoan/dev_ws/src/cpp_interface/src/pid_node.cpp:[m[K In member function â€˜[01m[Kvoid PIDNode::timer_callback()[m[Kâ€™:
[01m[K/home/ngochoan/dev_ws/src/cpp_interface/src/pid_node.cpp:65:21:[m[K [01;31m[Kerror: [m[Kaggregate â€˜[01m[KMotorController motorController[m[Kâ€™ has incomplete type and cannot be defined
   65 |     MotorController [01;31m[KmotorController[m[K;
      |                     [01;31m[K^~~~~~~~~~~~~~~[m[K
gmake[2]: *** [CMakeFiles/pid_node.dir/build.make:76: CMakeFiles/pid_node.dir/src/pid_node.cpp.o] Error 1
gmake[1]: *** [CMakeFiles/Makefile2:193: CMakeFiles/pid_node.dir/all] Error 2
gmake: *** [Makefile:146: all] Error 2
