[0.053s] Invoking command in '/home/ngochoan/dev_ws/build/cpp_interface': CMAKE_PREFIX_PATH=/opt/ros/humble /usr/bin/cmake --build /home/ngochoan/dev_ws/build/cpp_interface -- -j8 -l8
[0.086s] [35m[1mConsolidate compiler generated dependencies of target pid_node[0m
[0.097s] [ 66%] Built target read_parameters_pi
[0.097s] [ 66%] Built target test_cmd_vel
[0.101s] [ 83%] [32mBuilding CXX object CMakeFiles/pid_node.dir/src/pid_node.cpp.o[0m
[2.198s] [01m[K/home/ngochoan/dev_ws/src/cpp_interface/src/pid_node.cpp:[m[K In member function â€˜[01m[Kvoid PIDNode::timer_callback()[m[Kâ€™:
[2.198s] [01m[K/home/ngochoan/dev_ws/src/cpp_interface/src/pid_node.cpp:65:21:[m[K [01;31m[Kerror: [m[Kaggregate â€˜[01m[KMotorController motorController[m[Kâ€™ has incomplete type and cannot be defined
[2.198s]    65 |     MotorController [01;31m[KmotorController[m[K;
[2.198s]       |                     [01;31m[K^~~~~~~~~~~~~~~[m[K
[4.426s] gmake[2]: *** [CMakeFiles/pid_node.dir/build.make:76: CMakeFiles/pid_node.dir/src/pid_node.cpp.o] Error 1
[4.426s] gmake[1]: *** [CMakeFiles/Makefile2:193: CMakeFiles/pid_node.dir/all] Error 2
[4.426s] gmake: *** [Makefile:146: all] Error 2
[4.428s] Invoked command in '/home/ngochoan/dev_ws/build/cpp_interface' returned '2': CMAKE_PREFIX_PATH=/opt/ros/humble /usr/bin/cmake --build /home/ngochoan/dev_ws/build/cpp_interface -- -j8 -l8
