[01m[K/home/ngochoan/dev_ws/src/cpp_pubsub/src/publisher_member_function.cpp:34:21:[m[K [01;31m[Kerror: [m[Kâ€˜[01m[Ktutorial_interfaces[m[Kâ€™ was not declared in this scope; did you mean â€˜[01m[Krcl_interfaces[m[Kâ€™?
   34 |   rclcpp::Publisher<[01;31m[Ktutorial_interfaces[m[K::msg::Num>::SharedPtr publisher_;
      |                     [01;31m[K^~~~~~~~~~~~~~~~~~~[m[K
      |                     [32m[Krcl_interfaces[m[K
[01m[K/home/ngochoan/dev_ws/src/cpp_pubsub/src/publisher_member_function.cpp:34:50:[m[K [01;31m[Kerror: [m[Ktemplate argument 1 is invalid
   34 |   rclcpp::Publisher<tutorial_interfaces::msg::Num[01;31m[K>[m[K::SharedPtr publisher_;
      |                                                  [01;31m[K^[m[K
[01m[K/home/ngochoan/dev_ws/src/cpp_pubsub/src/publisher_member_function.cpp:34:53:[m[K [01;31m[Kerror: [m[Kexpected â€˜[01m[K;[m[Kâ€™ at end of member declaration
   34 |   rclcpp::Publisher<tutorial_interfaces::msg::Num>::[01;31m[KSharedPtr[m[K publisher_;
      |                                                     [01;31m[K^~~~~~~~~[m[K
      |                                                              [32m[K;[m[K
[01m[K/home/ngochoan/dev_ws/src/cpp_pubsub/src/publisher_member_function.cpp:34:63:[m[K [01;31m[Kerror: [m[Kâ€˜[01m[Kpublisher_[m[Kâ€™ does not name a type; did you mean â€˜[01m[Krmw_publisher_t[m[Kâ€™?
   34 |   rclcpp::Publisher<tutorial_interfaces::msg::Num>::SharedPtr [01;31m[Kpublisher_[m[K;
      |                                                               [01;31m[K^~~~~~~~~~[m[K
      |                                                               [32m[Krmw_publisher_t[m[K
[01m[K/home/ngochoan/dev_ws/src/cpp_pubsub/src/publisher_member_function.cpp:[m[K In constructor â€˜[01m[KMinimalPublisher::MinimalPublisher()[m[Kâ€™:
[01m[K/home/ngochoan/dev_ws/src/cpp_pubsub/src/publisher_member_function.cpp:20:11:[m[K [01;31m[Kerror: [m[Kâ€˜[01m[Kpublisher_[m[Kâ€™ was not declared in this scope; did you mean â€˜[01m[Krmw_publisher_t[m[Kâ€™?
   20 |           [01;31m[Kpublisher_[m[K = this->create_publisher<std_msgs::msg::Float64>("topic", 10); // use create_publisher to create publisher
      |           [01;31m[K^~~~~~~~~~[m[K
      |           [32m[Krmw_publisher_t[m[K
[01m[K/home/ngochoan/dev_ws/src/cpp_pubsub/src/publisher_member_function.cpp:[m[K In member function â€˜[01m[Kvoid MinimalPublisher::timer_callback()[m[Kâ€™:
[01m[K/home/ngochoan/dev_ws/src/cpp_pubsub/src/publisher_member_function.cpp:31:7:[m[K [01;31m[Kerror: [m[Kâ€˜[01m[Kpublisher_[m[Kâ€™ was not declared in this scope; did you mean â€˜[01m[Krmw_publisher_t[m[Kâ€™?
   31 |       [01;31m[Kpublisher_[m[K->publish(message);
      |       [01;31m[K^~~~~~~~~~[m[K
      |       [32m[Krmw_publisher_t[m[K
In file included from [01m[K/opt/ros/humble/include/rclcpp/rclcpp/logging.hpp:24[m[K,
                 from [01m[K/opt/ros/humble/include/rclcpp/rclcpp/client.hpp:40[m[K,
                 from [01m[K/opt/ros/humble/include/rclcpp/rclcpp/callback_group.hpp:24[m[K,
                 from [01m[K/opt/ros/humble/include/rclcpp/rclcpp/any_executable.hpp:20[m[K,
                 from [01m[K/opt/ros/humble/include/rclcpp/rclcpp/memory_strategy.hpp:25[m[K,
                 from [01m[K/opt/ros/humble/include/rclcpp/rclcpp/memory_strategies.hpp:18[m[K,
                 from [01m[K/opt/ros/humble/include/rclcpp/rclcpp/executor_options.hpp:20[m[K,
                 from [01m[K/opt/ros/humble/include/rclcpp/rclcpp/executor.hpp:37[m[K,
                 from [01m[K/opt/ros/humble/include/rclcpp/rclcpp/executors/multi_threaded_executor.hpp:25[m[K,
                 from [01m[K/opt/ros/humble/include/rclcpp/rclcpp/executors.hpp:21[m[K,
                 from [01m[K/opt/ros/humble/include/rclcpp/rclcpp/rclcpp.hpp:155[m[K,
                 from [01m[K/home/ngochoan/dev_ws/src/cpp_pubsub/src/subscriber_member_function.cpp:3[m[K:
[01m[K/home/ngochoan/dev_ws/src/cpp_pubsub/src/subscriber_member_function.cpp:[m[K In member function â€˜[01m[Kvoid MinimalSubscriber::topic_callback(std_msgs::msg::Float64_<std::allocator<void> >::SharedPtr) const[m[Kâ€™:
[01m[K/home/ngochoan/dev_ws/src/cpp_pubsub/src/subscriber_member_function.cpp:30:39:[m[K [01;35m[Kwarning: [m[Kformat â€˜[01m[K%d[m[Kâ€™ expects argument of type â€˜[01m[Kint[m[Kâ€™, but argument 5 has type â€˜[01m[Kstd_msgs::msg::Float64_<std::allocator<void> >::_data_type[m[Kâ€™ {aka â€˜[01m[Kdouble[m[Kâ€™} [[01;35m[K]8;;https://gcc.gnu.org/onlinedocs/gcc/Warning-Options.html#index-Wformat=-Wformat=]8;;[m[K]
   30 |       RCLCPP_INFO(this->get_logger(), [01;35m[K"I heard: '%d'"[m[K, [32m[Kmsg->data[m[K);
      |                                       [01;35m[K^~~~~~~~~~~~~~~[m[K  [32m[K~~~~~~~~~[m[K
      |                                                             [32m[K|[m[K
      |                                                             [32m[Kstd_msgs::msg::Float64_<std::allocator<void> >::_data_type {aka double}[m[K
[01m[K/home/ngochoan/dev_ws/src/cpp_pubsub/src/subscriber_member_function.cpp:30:51:[m[K [01;36m[Knote: [m[Kformat string is defined here
   30 |       RCLCPP_INFO(this->get_logger(), "I heard: '[01;36m[K%d[m[K'", msg->data);
      |                                                  [01;36m[K~^[m[K
      |                                                   [01;36m[K|[m[K
      |                                                   [01;36m[Kint[m[K
      |                                                  [32m[K%f[m[K
gmake[2]: *** [CMakeFiles/talker.dir/build.make:76: CMakeFiles/talker.dir/src/publisher_member_function.cpp.o] Error 1
gmake[1]: *** [CMakeFiles/Makefile2:141: CMakeFiles/talker.dir/all] Error 2
gmake[1]: *** Waiting for unfinished jobs....
gmake: *** [Makefile:146: all] Error 2
