[0.078s] Invoking command in '/home/ngochoan/dev_ws/build/cpp_interface': CMAKE_PREFIX_PATH=/opt/ros/humble /usr/bin/cmake --build /home/ngochoan/dev_ws/build/cpp_interface -- -j8 -l8
[0.112s] -- Found ament_cmake: 1.3.6 (/opt/ros/humble/share/ament_cmake/cmake)
[0.229s] -- Found rclcpp: 16.0.7 (/opt/ros/humble/share/rclcpp/cmake)
[0.254s] -- Found rosidl_generator_c: 3.1.5 (/opt/ros/humble/share/rosidl_generator_c/cmake)
[0.256s] -- Found rosidl_adapter: 3.1.5 (/opt/ros/humble/share/rosidl_adapter/cmake)
[0.261s] -- Found rosidl_generator_cpp: 3.1.5 (/opt/ros/humble/share/rosidl_generator_cpp/cmake)
[0.270s] -- Using all available rosidl_typesupport_c: rosidl_typesupport_fastrtps_c;rosidl_typesupport_introspection_c
[0.286s] -- Using all available rosidl_typesupport_cpp: rosidl_typesupport_fastrtps_cpp;rosidl_typesupport_introspection_cpp
[0.343s] -- Found rmw_implementation_cmake: 6.1.1 (/opt/ros/humble/share/rmw_implementation_cmake/cmake)
[0.344s] -- Found rmw_fastrtps_cpp: 6.2.5 (/opt/ros/humble/share/rmw_fastrtps_cpp/cmake)
[0.452s] -- Using RMW implementation 'rmw_fastrtps_cpp' as default
[0.591s] -- Found geometry_msgs: 4.2.3 (/opt/ros/humble/share/geometry_msgs/cmake)
[0.634s] -- Found ament_lint_auto: 0.12.9 (/opt/ros/humble/share/ament_lint_auto/cmake)
[0.689s] -- Added test 'cppcheck' to perform static code analysis on C / C++ code
[0.689s] -- Configured cppcheck include dirs: 
[0.689s] -- Configured cppcheck exclude dirs and/or files: 
[0.690s] -- Added test 'lint_cmake' to check CMake code style
[0.691s] -- Added test 'uncrustify' to check C / C++ code style
[0.691s] -- Configured uncrustify additional arguments: 
[0.691s] -- Added test 'xmllint' to check XML markup files
[0.692s] -- Configuring done
[0.705s] -- Generating done
[0.706s] -- Build files have been written to: /home/ngochoan/dev_ws/build/cpp_interface
[0.730s] [35m[1mConsolidate compiler generated dependencies of target test_cmd_vel[0m
[0.732s] [35m[1mConsolidate compiler generated dependencies of target pid_node[0m
[0.732s] [35m[1mConsolidate compiler generated dependencies of target read_parameters_pi[0m
[0.742s] [ 12%] [32mBuilding CXX object CMakeFiles/fuzzy_node.dir/src/fuzzy_node.cpp.o[0m
[0.748s] [ 37%] Built target test_cmd_vel
[0.750s] [ 62%] Built target pid_node
[0.751s] [ 87%] Built target read_parameters_pi
[2.622s] [01m[K/home/ngochoan/dev_ws/src/cpp_interface/src/fuzzy_node.cpp:21:39:[m[K [01;31m[Kerror: [m[Kâ€˜[01m[KPI_FUZZY_t[m[Kâ€™ has not been declared
[2.622s]    21 | double PI_fuzzy(double sp, double pv, [01;31m[KPI_FUZZY_t[m[K *pi_fuzzy);
[2.622s]       |                                       [01;31m[K^~~~~~~~~~[m[K
[2.622s] [01m[K/home/ngochoan/dev_ws/src/cpp_interface/src/fuzzy_node.cpp:23:6:[m[K [01;31m[Kerror: [m[Kvariable or field â€˜[01m[Kinit_PI_fuzzy[m[Kâ€™ declared void
[2.622s]    23 | void [01;31m[Kinit_PI_fuzzy[m[K(PI_FUZZY_t *pi_fuzzy);
[2.622s]       |      [01;31m[K^~~~~~~~~~~~~[m[K
[2.625s] [01m[K/home/ngochoan/dev_ws/src/cpp_interface/src/fuzzy_node.cpp:23:20:[m[K [01;31m[Kerror: [m[Kâ€˜[01m[KPI_FUZZY_t[m[Kâ€™ was not declared in this scope
[2.625s]    23 | void init_PI_fuzzy([01;31m[KPI_FUZZY_t[m[K *pi_fuzzy);
[2.625s]       |                    [01;31m[K^~~~~~~~~~[m[K
[2.628s] [01m[K/home/ngochoan/dev_ws/src/cpp_interface/src/fuzzy_node.cpp:23:32:[m[K [01;31m[Kerror: [m[Kâ€˜[01m[Kpi_fuzzy[m[Kâ€™ was not declared in this scope; did you mean â€˜[01m[KPI_fuzzy[m[Kâ€™?
[2.628s]    23 | void init_PI_fuzzy(PI_FUZZY_t *[01;31m[Kpi_fuzzy[m[K);
[2.628s]       |                                [01;31m[K^~~~~~~~[m[K
[2.628s]       |                                [32m[KPI_fuzzy[m[K
[2.676s] [01m[K/home/ngochoan/dev_ws/src/cpp_interface/src/fuzzy_node.cpp:[m[K In member function â€˜[01m[Kvoid FuzzyNode::timer_callback()[m[Kâ€™:
[2.676s] [01m[K/home/ngochoan/dev_ws/src/cpp_interface/src/fuzzy_node.cpp:72:58:[m[K [01;31m[Kerror: [m[Kcannot convert â€˜[01m[KPI_FUZZY_t*[m[Kâ€™ to â€˜[01m[Kint*[m[Kâ€™
[2.676s]    72 |     double output_fuzzy = PI_fuzzy(deltaAngle, angleIMU, [01;31m[K&pi_fuzzy[m[K);
[2.676s]       |                                                          [01;31m[K^~~~~~~~~[m[K
[2.677s]       |                                                          [01;31m[K|[m[K
[2.677s]       |                                                          [01;31m[KPI_FUZZY_t*[m[K
[2.677s] [01m[K/home/ngochoan/dev_ws/src/cpp_interface/src/fuzzy_node.cpp:21:51:[m[K [01;36m[Knote: [m[K  initializing argument 3 of â€˜[01m[Kdouble PI_fuzzy(double, double, int*)[m[Kâ€™
[2.677s]    21 | double PI_fuzzy(double sp, double pv, [01;36m[KPI_FUZZY_t *pi_fuzzy[m[K);
[2.677s]       |                                       [01;36m[K~~~~~~~~~~~~^~~~~~~~[m[K
[2.685s] [01m[K/home/ngochoan/dev_ws/src/cpp_interface/src/fuzzy_node.cpp:84:5:[m[K [01;31m[Kerror: [m[Kâ€˜[01m[Kpublisher_desired_angle_[m[Kâ€™ was not declared in this scope
[2.685s]    84 |     [01;31m[Kpublisher_desired_angle_[m[K->publish(message);
[2.685s]       |     [01;31m[K^~~~~~~~~~~~~~~~~~~~~~~~[m[K
[2.692s] [01m[K/home/ngochoan/dev_ws/src/cpp_interface/src/fuzzy_node.cpp:[m[K In function â€˜[01m[Kdouble run_fuzzy(double, double)[m[Kâ€™:
[2.692s] [01m[K/home/ngochoan/dev_ws/src/cpp_interface/src/fuzzy_node.cpp:191:10:[m[K [01;31m[Kerror: [m[Kâ€˜[01m[Kmin[m[Kâ€™ was not declared in this scope; did you mean â€˜[01m[Kstd::min[m[Kâ€™?
[2.692s]   191 |   r[0] = [01;31m[Kmin[m[K(e.NB, e_dot.NE);
[2.692s]       |          [01;31m[K^~~[m[K
[2.692s]       |          [32m[Kstd::min[m[K
[2.692s] In file included from [01m[K/usr/include/c++/11/algorithm:62[m[K,
[2.692s]                  from [01m[K/opt/ros/humble/include/rclcpp/rclcpp/executor.hpp:18[m[K,
[2.692s]                  from [01m[K/opt/ros/humble/include/rclcpp/rclcpp/executors/multi_threaded_executor.hpp:25[m[K,
[2.692s]                  from [01m[K/opt/ros/humble/include/rclcpp/rclcpp/executors.hpp:21[m[K,
[2.693s]                  from [01m[K/opt/ros/humble/include/rclcpp/rclcpp/rclcpp.hpp:155[m[K,
[2.693s]                  from [01m[K/home/ngochoan/dev_ws/src/cpp_interface/src/fuzzy_node.cpp:9[m[K:
[2.693s] [01m[K/usr/include/c++/11/bits/stl_algo.h:3455:5:[m[K [01;36m[Knote: [m[Kâ€˜[01m[Kstd::min[m[Kâ€™ declared here
[2.693s]  3455 |     [01;36m[Kmin[m[K(initializer_list<_Tp> __l, _Compare __comp)
[2.693s]       |     [01;36m[K^~~[m[K
[2.693s] [01m[K/home/ngochoan/dev_ws/src/cpp_interface/src/fuzzy_node.cpp:223:14:[m[K [01;31m[Kerror: [m[Kâ€˜[01m[Kmax[m[Kâ€™ was not declared in this scope; did you mean â€˜[01m[Kstd::max[m[Kâ€™?
[2.693s]   223 |   u_dot.NM = [01;31m[Kmax[m[K(r[1], r[3]);
[2.693s]       |              [01;31m[K^~~[m[K
[2.693s]       |              [32m[Kstd::max[m[K
[2.693s] In file included from [01m[K/usr/include/c++/11/algorithm:62[m[K,
[2.693s]                  from [01m[K/opt/ros/humble/include/rclcpp/rclcpp/executor.hpp:18[m[K,
[2.694s]                  from [01m[K/opt/ros/humble/include/rclcpp/rclcpp/executors/multi_threaded_executor.hpp:25[m[K,
[2.694s]                  from [01m[K/opt/ros/humble/include/rclcpp/rclcpp/executors.hpp:21[m[K,
[2.694s]                  from [01m[K/opt/ros/humble/include/rclcpp/rclcpp/rclcpp.hpp:155[m[K,
[2.694s]                  from [01m[K/home/ngochoan/dev_ws/src/cpp_interface/src/fuzzy_node.cpp:9[m[K:
[2.694s] [01m[K/usr/include/c++/11/bits/stl_algo.h:3467:5:[m[K [01;36m[Knote: [m[Kâ€˜[01m[Kstd::max[m[Kâ€™ declared here
[2.694s]  3467 |     [01;36m[Kmax[m[K(initializer_list<_Tp> __l, _Compare __comp)
[2.694s]       |     [01;36m[K^~~[m[K
[2.694s] [01m[K/home/ngochoan/dev_ws/src/cpp_interface/src/fuzzy_node.cpp:[m[K In function â€˜[01m[Kdouble PI_fuzzy(double, double, PI_FUZZY_t*)[m[Kâ€™:
[2.694s] [01m[K/home/ngochoan/dev_ws/src/cpp_interface/src/fuzzy_node.cpp:255:24:[m[K [01;31m[Kerror: [m[Kcannot convert â€˜[01m[Kdouble[m[Kâ€™ to â€˜[01m[Kdouble*[m[Kâ€™
[2.694s]   255 |   P_part = limit_range([01;31m[KP_part[m[K);
[2.694s]       |                        [01;31m[K^~~~~~[m[K
[2.694s]       |                        [01;31m[K|[m[K
[2.694s]       |                        [01;31m[Kdouble[m[K
[2.694s] [01m[K/home/ngochoan/dev_ws/src/cpp_interface/src/fuzzy_node.cpp:242:26:[m[K [01;36m[Knote: [m[K  initializing argument 1 of â€˜[01m[Kvoid limit_range(double*)[m[Kâ€™
[2.695s]   242 | void limit_range([01;36m[Kdouble *x[m[K) {
[2.695s]       |                  [01;36m[K~~~~~~~~^[m[K
[2.695s] [01m[K/home/ngochoan/dev_ws/src/cpp_interface/src/fuzzy_node.cpp:257:24:[m[K [01;31m[Kerror: [m[Kcannot convert â€˜[01m[Kdouble[m[Kâ€™ to â€˜[01m[Kdouble*[m[Kâ€™
[2.695s]   257 |   D_part = limit_range([01;31m[KD_part[m[K);
[2.695s]       |                        [01;31m[K^~~~~~[m[K
[2.695s]       |                        [01;31m[K|[m[K
[2.695s]       |                        [01;31m[Kdouble[m[K
[2.695s] [01m[K/home/ngochoan/dev_ws/src/cpp_interface/src/fuzzy_node.cpp:242:26:[m[K [01;36m[Knote: [m[K  initializing argument 1 of â€˜[01m[Kvoid limit_range(double*)[m[Kâ€™
[2.695s]   242 | void limit_range([01;36m[Kdouble *x[m[K) {
[2.695s]       |                  [01;36m[K~~~~~~~~^[m[K
[2.696s] [01m[K/home/ngochoan/dev_ws/src/cpp_interface/src/fuzzy_node.cpp:263:3:[m[K [01;31m[Kerror: [m[Kâ€˜[01m[Kpid[m[Kâ€™ was not declared in this scope
[2.696s]   263 |   [01;31m[Kpid[m[K->uk_1 = uk;
[2.696s]       |   [01;31m[K^~~[m[K
[2.706s] [01m[K/home/ngochoan/dev_ws/src/cpp_interface/src/fuzzy_node.cpp:251:26:[m[K [01;35m[Kwarning: [m[Kunused variable â€˜[01m[KU_part[m[Kâ€™ [[01;35m[K]8;;https://gcc.gnu.org/onlinedocs/gcc/Warning-Options.html#index-Wunused-variable-Wunused-variable]8;;[m[K]
[2.706s]   251 |   double P_part, D_part, [01;35m[KU_part[m[K;
[2.707s]       |                          [01;35m[K^~~~~~[m[K
[4.736s] gmake[2]: *** [CMakeFiles/fuzzy_node.dir/build.make:76: CMakeFiles/fuzzy_node.dir/src/fuzzy_node.cpp.o] Error 1
[4.736s] gmake[1]: *** [CMakeFiles/Makefile2:221: CMakeFiles/fuzzy_node.dir/all] Error 2
[4.737s] gmake: *** [Makefile:146: all] Error 2
[4.738s] Invoked command in '/home/ngochoan/dev_ws/build/cpp_interface' returned '2': CMAKE_PREFIX_PATH=/opt/ros/humble /usr/bin/cmake --build /home/ngochoan/dev_ws/build/cpp_interface -- -j8 -l8
