[35m[1mConsolidate compiler generated dependencies of target straight_line_node[0m
[ 38%] Built target test_cmd_vel
[ 38%] [32mBuilding CXX object CMakeFiles/circumference_node.dir/src/circumference_node.cpp.o[0m
[ 38%] [32mBuilding CXX object CMakeFiles/data_processing_node.dir/src/data_processing_node.cpp.o[0m
[ 44%] Built target pid_node
[ 44%] Built target read_parameters_pi
[ 55%] Built target fuzzy_longitudinal_controllers
[ 66%] Built target sinusoidal_node
[ 72%] [32mBuilding CXX object CMakeFiles/straight_line_node.dir/src/straight_line_node.cpp.o[0m
[ 83%] Built target controllers_node
[01m[K/home/ngochoan/dev_ws/src/cpp_interface/src/circumference_node.cpp:[m[K In member function â€˜[01m[Kvoid CircumferenceNode::flag_callback(std_msgs::msg::Float64MultiArray_<std::allocator<void> >::SharedPtr)[m[Kâ€™:
[01m[K/home/ngochoan/dev_ws/src/cpp_interface/src/circumference_node.cpp:39:74:[m[K [01;31m[Kerror: [m[Kâ€˜[01m[KSAMPLE_TIME[m[Kâ€™ was not declared in this scope
   39 |         message.data[0] = RADIUS * std::cos((LINEAR_VELOCITY / RADIUS) * [01;31m[KSAMPLE_TIME[m[K * flag) - RADIUS;
      |                                                                          [01;31m[K^~~~~~~~~~~[m[K
gmake[2]: *** [CMakeFiles/circumference_node.dir/build.make:76: CMakeFiles/circumference_node.dir/src/circumference_node.cpp.o] Error 1
gmake[1]: *** [CMakeFiles/Makefile2:309: CMakeFiles/circumference_node.dir/all] Error 2
gmake[1]: *** Waiting for unfinished jobs....
[ 88%] [32m[1mLinking CXX executable straight_line_node[0m
[ 88%] Built target straight_line_node
[ 94%] [32m[1mLinking CXX executable data_processing_node[0m
[ 94%] Built target data_processing_node
gmake: *** [Makefile:146: all] Error 2
