[35m[1mConsolidate compiler generated dependencies of target stanley_node[0m
[ 20%] Built target pid_node
[ 60%] Built target read_parameters_pi
[ 60%] Built target fuzzy_node
[ 80%] Built target test_cmd_vel
[ 90%] [32mBuilding CXX object CMakeFiles/stanley_node.dir/src/stanley_node.cpp.o[0m
[01m[K/home/ngochoan/dev_ws/src/cpp_interface/src/stanley_node.cpp:[m[K In constructor â€˜[01m[KStanleyNode::StanleyNode()[m[Kâ€™:
[01m[K/home/ngochoan/dev_ws/src/cpp_interface/src/stanley_node.cpp:57:9:[m[K [01;31m[Kerror: [m[Kunable to find numeric literal operator â€˜[01m[Koperator""ms[m[Kâ€™
   57 |         [01;31m[K500ms[m[K, std::bind(&StanleyNode::timer_callback,
      |         [01;31m[K^~~~~[m[K
gmake[2]: *** [CMakeFiles/stanley_node.dir/build.make:76: CMakeFiles/stanley_node.dir/src/stanley_node.cpp.o] Error 1
gmake[1]: *** [CMakeFiles/Makefile2:249: CMakeFiles/stanley_node.dir/all] Error 2
gmake: *** [Makefile:146: all] Error 2
