[0.054s] Invoking command in '/home/ngochoan/dev_ws/build/cpp_pubsub': AMENT_PREFIX_PATH=/home/ngochoan/dev_ws/install/tutorial_interfaces:${AMENT_PREFIX_PATH} CMAKE_PREFIX_PATH=/home/ngochoan/dev_ws/install/tutorial_interfaces:/opt/ros/humble LD_LIBRARY_PATH=/home/ngochoan/dev_ws/install/tutorial_interfaces/lib:${LD_LIBRARY_PATH} PYTHONPATH=/home/ngochoan/dev_ws/install/tutorial_interfaces/local/lib/python3.10/dist-packages:${PYTHONPATH} /usr/bin/cmake --build /home/ngochoan/dev_ws/build/cpp_pubsub -- -j8 -l8
[0.087s] [35m[1mConsolidate compiler generated dependencies of target listener_pico[0m
[0.097s] [ 66%] Built target listener
[0.097s] [ 66%] Built target talker
[0.100s] [ 83%] [32mBuilding CXX object CMakeFiles/listener_pico.dir/src/read_date_picoW.cpp.o[0m
[2.161s] [01m[K/home/ngochoan/dev_ws/src/cpp_pubsub/src/read_date_picoW.cpp:27:29:[m[K [01;31m[Kerror: [m[Kâ€˜[01m[Kstd_msgs[m[Kâ€™ does not name a type
[2.161s]    27 |   void topic_callback(const [01;31m[Kstd_msgs[m[K::msg::Int32::SharedPtr msg) const
[2.161s]       |                             [01;31m[K^~~~~~~~[m[K
[2.161s] [01m[K/home/ngochoan/dev_ws/src/cpp_pubsub/src/read_date_picoW.cpp:27:42:[m[K [01;31m[Kerror: [m[Kexpected unqualified-id before â€˜[01m[K::[m[Kâ€™ token
[2.161s]    27 |   void topic_callback(const std_msgs::msg[01;31m[K::[m[KInt32::SharedPtr msg) const
[2.161s]       |                                          [01;31m[K^~[m[K
[2.161s] [01m[K/home/ngochoan/dev_ws/src/cpp_pubsub/src/read_date_picoW.cpp:27:42:[m[K [01;31m[Kerror: [m[Kexpected â€˜[01m[K)[m[Kâ€™ before â€˜[01m[K::[m[Kâ€™ token
[2.161s]    27 |   void topic_callback[34m[K([m[Kconst std_msgs::msg[01;31m[K:[m[K[32m[K:[m[KInt32::SharedPtr msg) const
[2.161s]       |                      [34m[K~[m[K                   [01;31m[K^[m[K[32m[K~[m[K
[2.161s]       |                                          [32m[K)[m[K
[2.161s] [01m[K/home/ngochoan/dev_ws/src/cpp_pubsub/src/read_date_picoW.cpp:27:39:[m[K [01;31m[Kerror: [m[Kexpected â€˜[01m[K;[m[Kâ€™ at end of member declaration
[2.161s]    27 |   void topic_callback(const std_msgs::[01;31m[Kmsg[m[K::Int32::SharedPtr msg) const
[2.161s]       |                                       [01;31m[K^~~[m[K
[2.161s]       |                                          [32m[K;[m[K
[2.162s] [01m[K/home/ngochoan/dev_ws/src/cpp_pubsub/src/read_date_picoW.cpp:27:44:[m[K [01;31m[Kerror: [m[Kâ€˜[01m[KInt32[m[Kâ€™ in namespace â€˜[01m[K::[m[Kâ€™ does not name a type
[2.163s]    27 |   void topic_callback(const std_msgs::msg::[01;31m[KInt32[m[K::SharedPtr msg) const
[2.163s]       |                                            [01;31m[K^~~~~[m[K
[2.168s] [01m[K/home/ngochoan/dev_ws/src/cpp_pubsub/src/read_date_picoW.cpp:36:24:[m[K [01;31m[Kerror: [m[Kâ€˜[01m[Kstd_msgs[m[Kâ€™ was not declared in this scope
[2.168s]    36 |   rclcpp::Subscription<[01;31m[Kstd_msgs[m[K::msg::Int32>::SharedPtr subscription_;
[2.168s]       |                        [01;31m[K^~~~~~~~[m[K
[2.168s] [01m[K/home/ngochoan/dev_ws/src/cpp_pubsub/src/read_date_picoW.cpp:36:44:[m[K [01;31m[Kerror: [m[Ktemplate argument 1 is invalid
[2.168s]    36 |   rclcpp::Subscription<std_msgs::msg::Int32[01;31m[K>[m[K::SharedPtr subscription_;
[2.168s]       |                                            [01;31m[K^[m[K
[2.168s] [01m[K/home/ngochoan/dev_ws/src/cpp_pubsub/src/read_date_picoW.cpp:36:44:[m[K [01;31m[Kerror: [m[Ktemplate argument 3 is invalid
[2.168s] [01m[K/home/ngochoan/dev_ws/src/cpp_pubsub/src/read_date_picoW.cpp:36:44:[m[K [01;31m[Kerror: [m[Ktemplate argument 4 is invalid
[2.168s] [01m[K/home/ngochoan/dev_ws/src/cpp_pubsub/src/read_date_picoW.cpp:36:44:[m[K [01;31m[Kerror: [m[Ktemplate argument 5 is invalid
[2.168s] [01m[K/home/ngochoan/dev_ws/src/cpp_pubsub/src/read_date_picoW.cpp:36:47:[m[K [01;31m[Kerror: [m[Kexpected â€˜[01m[K;[m[Kâ€™ at end of member declaration
[2.168s]    36 |   rclcpp::Subscription<std_msgs::msg::Int32>::[01;31m[KSharedPtr[m[K subscription_;
[2.169s]       |                                               [01;31m[K^~~~~~~~~[m[K
[2.169s]       |                                                        [32m[K;[m[K
[2.170s] [01m[K/home/ngochoan/dev_ws/src/cpp_pubsub/src/read_date_picoW.cpp:36:57:[m[K [01;31m[Kerror: [m[Kâ€˜[01m[Ksubscription_[m[Kâ€™ does not name a type; did you mean â€˜[01m[Krmw_subscription_t[m[Kâ€™?
[2.170s]    36 |   rclcpp::Subscription<std_msgs::msg::Int32>::SharedPtr [01;31m[Ksubscription_[m[K;
[2.170s]       |                                                         [01;31m[K^~~~~~~~~~~~~[m[K
[2.170s]       |                                                         [32m[Krmw_subscription_t[m[K
[2.176s] [01m[K/home/ngochoan/dev_ws/src/cpp_pubsub/src/read_date_picoW.cpp:[m[K In constructor â€˜[01m[KMinimalSubscriber::MinimalSubscriber()[m[Kâ€™:
[2.176s] [01m[K/home/ngochoan/dev_ws/src/cpp_pubsub/src/read_date_picoW.cpp:16:5:[m[K [01;31m[Kerror: [m[Kâ€˜[01m[Ksubscription_[m[Kâ€™ was not declared in this scope; did you mean â€˜[01m[Krmw_subscription_t[m[Kâ€™?
[2.176s]    16 |     [01;31m[Ksubscription_[m[K = this->create_subscription<std_msgs::msg::Int32>(
[2.177s]       |     [01;31m[K^~~~~~~~~~~~~[m[K
[2.177s]       |     [32m[Krmw_subscription_t[m[K
[2.181s] [01m[K/home/ngochoan/dev_ws/src/cpp_pubsub/src/read_date_picoW.cpp:16:47:[m[K [01;31m[Kerror: [m[Kâ€˜[01m[Kstd_msgs[m[Kâ€™ was not declared in this scope
[2.181s]    16 |     subscription_ = this->create_subscription<[01;31m[Kstd_msgs[m[K::msg::Int32>(
[2.181s]       |                                               [01;31m[K^~~~~~~~[m[K
[2.181s] [01m[K/home/ngochoan/dev_ws/src/cpp_pubsub/src/read_date_picoW.cpp:16:27:[m[K [01;31m[Kerror: [m[Kparse error in template argument list
[2.181s]    16 |     subscription_ = this->[01;31m[Kcreate_subscription<std_msgs::msg::Int32>[m[K(
[2.181s]       |                           [01;31m[K^~~~~~~~~~~~~~~~~~~~~~~~~~~~~~~~~~~~~~~~~[m[K
[2.185s] [01m[K/home/ngochoan/dev_ws/src/cpp_pubsub/src/read_date_picoW.cpp:16:68:[m[K [01;31m[Kerror: [m[Kno matching function for call to â€˜[01m[KMinimalSubscriber::create_subscription<<expression error> >(const char [21], int, std::_Bind_helper<false, void (MinimalSubscriber::*)(...), MinimalSubscriber*, const std::_Placeholder<1>&>::type)[m[Kâ€™
[2.185s]    16 |     subscription_ = [01;31m[Kthis->create_subscription<std_msgs::msg::Int32>([m[K
[2.185s]       |                     [01;31m[K~~~~~~~~~~~~~~~~~~~~~~~~~~~~~~~~~~~~~~~~~~~~~~~^[m[K
[2.186s]    17 | [01;31m[K      "pico_publisher_topic", 10, std::bind(&MinimalSubscriber::topic_callback, this, _1))[m[K;
[2.186s]       |       [01;31m[K~~~~~~~~~~~~~~~~~~~~~~~~~~~~~~~~~~~~~~~~~~~~~~~~~~~~~~~~~~~~~~~~~~~~~~~~~~~~~~~~~~~~[m[K
[2.186s] In file included from [01m[K/opt/ros/humble/include/rclcpp/rclcpp/executors/single_threaded_executor.hpp:28[m[K,
[2.186s]                  from [01m[K/opt/ros/humble/include/rclcpp/rclcpp/executors.hpp:22[m[K,
[2.186s]                  from [01m[K/opt/ros/humble/include/rclcpp/rclcpp/rclcpp.hpp:155[m[K,
[2.186s]                  from [01m[K/home/ngochoan/dev_ws/src/cpp_pubsub/src/read_date_picoW.cpp:4[m[K:
[2.186s] [01m[K/opt/ros/humble/include/rclcpp/rclcpp/node.hpp:219:3:[m[K [01;36m[Knote: [m[Kcandidate: â€˜[01m[Ktemplate<class MessageT, class CallbackT, class AllocatorT, class SubscriptionT, class MessageMemoryStrategyT> std::shared_ptr<ROSMessageT> rclcpp::Node::create_subscription(const string&, const rclcpp::QoS&, CallbackT&&, const rclcpp::SubscriptionOptionsWithAllocator<AllocatorT>&, typename MessageMemoryStrategyT::SharedPtr)[m[Kâ€™
[2.186s]   219 |   [01;36m[Kcreate_subscription[m[K(
[2.186s]       |   [01;36m[K^~~~~~~~~~~~~~~~~~~[m[K
[2.186s] [01m[K/opt/ros/humble/include/rclcpp/rclcpp/node.hpp:219:3:[m[K [01;36m[Knote: [m[K  template argument deduction/substitution failed:
[2.186s] [01m[K/home/ngochoan/dev_ws/src/cpp_pubsub/src/read_date_picoW.cpp:16:68:[m[K [01;31m[Kerror: [m[Ktemplate argument 1 is invalid
[2.186s]    16 |     subscription_ = [01;31m[Kthis->create_subscription<std_msgs::msg::Int32>([m[K
[2.186s]       |                     [01;31m[K~~~~~~~~~~~~~~~~~~~~~~~~~~~~~~~~~~~~~~~~~~~~~~~^[m[K
[2.186s]    17 | [01;31m[K      "pico_publisher_topic", 10, std::bind(&MinimalSubscriber::topic_callback, this, _1))[m[K;
[2.186s]       |       [01;31m[K~~~~~~~~~~~~~~~~~~~~~~~~~~~~~~~~~~~~~~~~~~~~~~~~~~~~~~~~~~~~~~~~~~~~~~~~~~~~~~~~~~~~[m[K
[2.576s] gmake[2]: *** [CMakeFiles/listener_pico.dir/build.make:76: CMakeFiles/listener_pico.dir/src/read_date_picoW.cpp.o] Error 1
[2.576s] gmake[1]: *** [CMakeFiles/Makefile2:193: CMakeFiles/listener_pico.dir/all] Error 2
[2.576s] gmake: *** [Makefile:146: all] Error 2
[2.578s] Invoked command in '/home/ngochoan/dev_ws/build/cpp_pubsub' returned '2': AMENT_PREFIX_PATH=/home/ngochoan/dev_ws/install/tutorial_interfaces:${AMENT_PREFIX_PATH} CMAKE_PREFIX_PATH=/home/ngochoan/dev_ws/install/tutorial_interfaces:/opt/ros/humble LD_LIBRARY_PATH=/home/ngochoan/dev_ws/install/tutorial_interfaces/lib:${LD_LIBRARY_PATH} PYTHONPATH=/home/ngochoan/dev_ws/install/tutorial_interfaces/local/lib/python3.10/dist-packages:${PYTHONPATH} /usr/bin/cmake --build /home/ngochoan/dev_ws/build/cpp_pubsub -- -j8 -l8
