[0.075s] Invoking command in '/home/ngochoan/dev_ws/build/cpp_pubsub': CMAKE_PREFIX_PATH=/opt/ros/humble /usr/bin/cmake --build /home/ngochoan/dev_ws/build/cpp_pubsub -- -j8 -l8
[0.110s] [35m[1mConsolidate compiler generated dependencies of target listener_pico[0m
[0.110s] [35m[1mConsolidate compiler generated dependencies of target talker[0m
[0.110s] [35m[1mConsolidate compiler generated dependencies of target listener[0m
[0.126s] [ 33%] [32mBuilding CXX object CMakeFiles/talker.dir/src/publisher_member_function.cpp.o[0m
[0.127s] [ 50%] Built target listener_pico
[0.129s] [ 66%] [32mBuilding CXX object CMakeFiles/listener.dir/src/subscriber_member_function.cpp.o[0m
[2.162s] [01m[K/home/ngochoan/dev_ws/src/cpp_pubsub/src/publisher_member_function.cpp:34:21:[m[K [01;31m[Kerror: [m[Kâ€˜[01m[Ktutorial_interfaces[m[Kâ€™ was not declared in this scope; did you mean â€˜[01m[Krcl_interfaces[m[Kâ€™?
[2.162s]    34 |   rclcpp::Publisher<[01;31m[Ktutorial_interfaces[m[K::msg::Num>::SharedPtr publisher_;
[2.162s]       |                     [01;31m[K^~~~~~~~~~~~~~~~~~~[m[K
[2.162s]       |                     [32m[Krcl_interfaces[m[K
[2.162s] [01m[K/home/ngochoan/dev_ws/src/cpp_pubsub/src/publisher_member_function.cpp:34:50:[m[K [01;31m[Kerror: [m[Ktemplate argument 1 is invalid
[2.162s]    34 |   rclcpp::Publisher<tutorial_interfaces::msg::Num[01;31m[K>[m[K::SharedPtr publisher_;
[2.162s]       |                                                  [01;31m[K^[m[K
[2.163s] [01m[K/home/ngochoan/dev_ws/src/cpp_pubsub/src/publisher_member_function.cpp:34:53:[m[K [01;31m[Kerror: [m[Kexpected â€˜[01m[K;[m[Kâ€™ at end of member declaration
[2.163s]    34 |   rclcpp::Publisher<tutorial_interfaces::msg::Num>::[01;31m[KSharedPtr[m[K publisher_;
[2.163s]       |                                                     [01;31m[K^~~~~~~~~[m[K
[2.163s]       |                                                              [32m[K;[m[K
[2.164s] [01m[K/home/ngochoan/dev_ws/src/cpp_pubsub/src/publisher_member_function.cpp:34:63:[m[K [01;31m[Kerror: [m[Kâ€˜[01m[Kpublisher_[m[Kâ€™ does not name a type; did you mean â€˜[01m[Krmw_publisher_t[m[Kâ€™?
[2.164s]    34 |   rclcpp::Publisher<tutorial_interfaces::msg::Num>::SharedPtr [01;31m[Kpublisher_[m[K;
[2.164s]       |                                                               [01;31m[K^~~~~~~~~~[m[K
[2.164s]       |                                                               [32m[Krmw_publisher_t[m[K
[2.170s] [01m[K/home/ngochoan/dev_ws/src/cpp_pubsub/src/publisher_member_function.cpp:[m[K In constructor â€˜[01m[KMinimalPublisher::MinimalPublisher()[m[Kâ€™:
[2.170s] [01m[K/home/ngochoan/dev_ws/src/cpp_pubsub/src/publisher_member_function.cpp:20:11:[m[K [01;31m[Kerror: [m[Kâ€˜[01m[Kpublisher_[m[Kâ€™ was not declared in this scope; did you mean â€˜[01m[Krmw_publisher_t[m[Kâ€™?
[2.170s]    20 |           [01;31m[Kpublisher_[m[K = this->create_publisher<std_msgs::msg::Float64>("topic", 10); // use create_publisher to create publisher
[2.170s]       |           [01;31m[K^~~~~~~~~~[m[K
[2.170s]       |           [32m[Krmw_publisher_t[m[K
[2.188s] [01m[K/home/ngochoan/dev_ws/src/cpp_pubsub/src/publisher_member_function.cpp:[m[K In member function â€˜[01m[Kvoid MinimalPublisher::timer_callback()[m[Kâ€™:
[2.188s] [01m[K/home/ngochoan/dev_ws/src/cpp_pubsub/src/publisher_member_function.cpp:31:7:[m[K [01;31m[Kerror: [m[Kâ€˜[01m[Kpublisher_[m[Kâ€™ was not declared in this scope; did you mean â€˜[01m[Krmw_publisher_t[m[Kâ€™?
[2.188s]    31 |       [01;31m[Kpublisher_[m[K->publish(message);
[2.188s]       |       [01;31m[K^~~~~~~~~~[m[K
[2.188s]       |       [32m[Krmw_publisher_t[m[K
[2.837s] gmake[2]: *** [CMakeFiles/talker.dir/build.make:76: CMakeFiles/talker.dir/src/publisher_member_function.cpp.o] Error 1
[2.837s] gmake[1]: *** [CMakeFiles/Makefile2:141: CMakeFiles/talker.dir/all] Error 2
[2.837s] gmake[1]: *** Waiting for unfinished jobs....
[7.010s] [ 83%] [32m[1mLinking CXX executable listener[0m
[7.324s] [ 83%] Built target listener
[7.325s] gmake: *** [Makefile:146: all] Error 2
[7.326s] Invoked command in '/home/ngochoan/dev_ws/build/cpp_pubsub' returned '2': CMAKE_PREFIX_PATH=/opt/ros/humble /usr/bin/cmake --build /home/ngochoan/dev_ws/build/cpp_pubsub -- -j8 -l8
