[35m[1mConsolidate compiler generated dependencies of target pid_node[0m
[ 66%] Built target test_cmd_vel
[ 66%] Built target read_parameters_pi
[ 83%] [32mBuilding CXX object CMakeFiles/pid_node.dir/src/pid_node.cpp.o[0m
[01m[K/home/ngochoan/dev_ws/src/cpp_interface/src/pid_node.cpp:[m[K In constructor â€˜[01m[KPIDNode::PIDNode()[m[Kâ€™:
[01m[K/home/ngochoan/dev_ws/src/cpp_interface/src/pid_node.cpp:16:33:[m[K [01;31m[Kerror: [m[Kâ€˜[01m[Kactual_angle_callback[m[Kâ€™ is not a member of â€˜[01m[KPIDNode[m[Kâ€™
   16 |             std::bind(&PIDNode::[01;31m[Kactual_angle_callback[m[K, this,
      |                                 [01;31m[K^~~~~~~~~~~~~~~~~~~~~[m[K
[01m[K/home/ngochoan/dev_ws/src/cpp_interface/src/pid_node.cpp:22:33:[m[K [01;31m[Kerror: [m[Kâ€˜[01m[Kvelocity_fuzzy_callback[m[Kâ€™ is not a member of â€˜[01m[KPIDNode[m[Kâ€™
   22 |             std::bind(&PIDNode::[01;31m[Kvelocity_fuzzy_callback[m[K, this,
      |                                 [01;31m[K^~~~~~~~~~~~~~~~~~~~~~~[m[K
gmake[2]: *** [CMakeFiles/pid_node.dir/build.make:76: CMakeFiles/pid_node.dir/src/pid_node.cpp.o] Error 1
gmake[1]: *** [CMakeFiles/Makefile2:193: CMakeFiles/pid_node.dir/all] Error 2
gmake: *** [Makefile:146: all] Error 2
