[0.074s] Invoking command in '/home/ngochoan/dev_ws/build/cpp_interface': CMAKE_PREFIX_PATH=/opt/ros/humble /usr/bin/cmake --build /home/ngochoan/dev_ws/build/cpp_interface -- -j8 -l8
[0.128s] [35m[1mConsolidate compiler generated dependencies of target fuzzy_node[0m
[0.138s] [ 50%] Built target pid_node
[0.138s] [ 50%] Built target test_cmd_vel
[0.139s] [ 75%] Built target read_parameters_pi
[0.147s] [ 87%] [32mBuilding CXX object CMakeFiles/fuzzy_node.dir/src/fuzzy_node.cpp.o[0m
[2.176s] [01m[K/home/ngochoan/dev_ws/src/cpp_interface/src/fuzzy_node.cpp:[m[K In member function â€˜[01m[Kvoid FuzzyNode::timer_callback()[m[Kâ€™:
[2.176s] [01m[K/home/ngochoan/dev_ws/src/cpp_interface/src/fuzzy_node.cpp:73:35:[m[K [01;31m[Kerror: [m[Ktoo many arguments to function â€˜[01m[Kdouble PI_fuzzy(double, double)[m[Kâ€™
[2.176s]    73 |     double output_fuzzy = [01;31m[KPI_fuzzy(deltaAngle, angleIMU, &pi_fuzzy)[m[K;
[2.176s]       |                           [01;31m[K~~~~~~~~^~~~~~~~~~~~~~~~~~~~~~~~~~~~~~~~~[m[K
[2.176s] [01m[K/home/ngochoan/dev_ws/src/cpp_interface/src/fuzzy_node.cpp:42:8:[m[K [01;36m[Knote: [m[Kdeclared here
[2.176s]    42 | double [01;36m[KPI_fuzzy[m[K(double sp, double pv);
[2.176s]       |        [01;36m[K^~~~~~~~[m[K
[2.185s] [01m[K/home/ngochoan/dev_ws/src/cpp_interface/src/fuzzy_node.cpp:85:5:[m[K [01;31m[Kerror: [m[Kâ€˜[01m[Kpublisher_desired_angle_[m[Kâ€™ was not declared in this scope
[2.185s]    85 |     [01;31m[Kpublisher_desired_angle_[m[K->publish(message);
[2.185s]       |     [01;31m[K^~~~~~~~~~~~~~~~~~~~~~~~[m[K
[2.192s] [01m[K/home/ngochoan/dev_ws/src/cpp_interface/src/fuzzy_node.cpp:[m[K In function â€˜[01m[Kdouble PI_fuzzy(double, double)[m[Kâ€™:
[2.192s] [01m[K/home/ngochoan/dev_ws/src/cpp_interface/src/fuzzy_node.cpp:255:24:[m[K [01;31m[Kerror: [m[Kcannot convert â€˜[01m[Kdouble[m[Kâ€™ to â€˜[01m[Kdouble*[m[Kâ€™
[2.192s]   255 |   P_part = limit_range([01;31m[KP_part[m[K);
[2.192s]       |                        [01;31m[K^~~~~~[m[K
[2.192s]       |                        [01;31m[K|[m[K
[2.192s]       |                        [01;31m[Kdouble[m[K
[2.192s] [01m[K/home/ngochoan/dev_ws/src/cpp_interface/src/fuzzy_node.cpp:243:26:[m[K [01;36m[Knote: [m[K  initializing argument 1 of â€˜[01m[Kvoid limit_range(double*)[m[Kâ€™
[2.192s]   243 | void limit_range([01;36m[Kdouble *x[m[K) {
[2.192s]       |                  [01;36m[K~~~~~~~~^[m[K
[2.192s] [01m[K/home/ngochoan/dev_ws/src/cpp_interface/src/fuzzy_node.cpp:257:24:[m[K [01;31m[Kerror: [m[Kcannot convert â€˜[01m[Kdouble[m[Kâ€™ to â€˜[01m[Kdouble*[m[Kâ€™
[2.193s]   257 |   D_part = limit_range([01;31m[KD_part[m[K);
[2.193s]       |                        [01;31m[K^~~~~~[m[K
[2.193s]       |                        [01;31m[K|[m[K
[2.193s]       |                        [01;31m[Kdouble[m[K
[2.193s] [01m[K/home/ngochoan/dev_ws/src/cpp_interface/src/fuzzy_node.cpp:243:26:[m[K [01;36m[Knote: [m[K  initializing argument 1 of â€˜[01m[Kvoid limit_range(double*)[m[Kâ€™
[2.193s]   243 | void limit_range([01;36m[Kdouble *x[m[K) {
[2.193s]       |                  [01;36m[K~~~~~~~~^[m[K
[2.195s] [01m[K/home/ngochoan/dev_ws/src/cpp_interface/src/fuzzy_node.cpp:263:3:[m[K [01;31m[Kerror: [m[Kâ€˜[01m[Kpid[m[Kâ€™ was not declared in this scope
[2.195s]   263 |   [01;31m[Kpid[m[K->uk_1 = uk;
[2.195s]       |   [01;31m[K^~~[m[K
[2.195s] [01m[K/home/ngochoan/dev_ws/src/cpp_interface/src/fuzzy_node.cpp:252:26:[m[K [01;35m[Kwarning: [m[Kunused variable â€˜[01m[KU_part[m[Kâ€™ [[01;35m[K]8;;https://gcc.gnu.org/onlinedocs/gcc/Warning-Options.html#index-Wunused-variable-Wunused-variable]8;;[m[K]
[2.195s]   252 |   double P_part, D_part, [01;35m[KU_part[m[K;
[2.195s]       |                          [01;35m[K^~~~~~[m[K
[4.336s] gmake[2]: *** [CMakeFiles/fuzzy_node.dir/build.make:76: CMakeFiles/fuzzy_node.dir/src/fuzzy_node.cpp.o] Error 1
[4.337s] gmake[1]: *** [CMakeFiles/Makefile2:221: CMakeFiles/fuzzy_node.dir/all] Error 2
[4.337s] gmake: *** [Makefile:146: all] Error 2
[4.341s] Invoked command in '/home/ngochoan/dev_ws/build/cpp_interface' returned '2': CMAKE_PREFIX_PATH=/opt/ros/humble /usr/bin/cmake --build /home/ngochoan/dev_ws/build/cpp_interface -- -j8 -l8
