[35m[1mConsolidate compiler generated dependencies of target stanley_node[0m
[ 62%] Built target read_parameters_pi
[ 43%] Built target circumference_node
[ 75%] Built target test_cmd_vel
[ 75%] Built target fuzzy_node
[ 75%] Built target straight_line_node
[ 75%] Built target pid_node
[ 93%] [32mBuilding CXX object CMakeFiles/stanley_node.dir/src/stanley_node.cpp.o[0m
[ 93%] Built target sinusoidal_node
[01m[K/home/ngochoan/dev_ws/src/cpp_interface/src/stanley_node.cpp:[m[K In constructor â€˜[01m[KStanleyNode::StanleyNode()[m[Kâ€™:
[01m[K/home/ngochoan/dev_ws/src/cpp_interface/src/stanley_node.cpp:20:100:[m[K [01;31m[Kerror: [m[Kclass â€˜[01m[KStanleyNode[m[Kâ€™ does not have any field named â€˜[01m[Kdesired_positon[m[Kâ€™
   20 |     : Node("stanley_node"), linear_velocity(0.5), angleIMU(0.0), actual_position({0.0, 0.0, 0.0}), [01;31m[Kdesired_positon[m[K({0.0, 0.0, 0.0}) {
      |                                                                                                    [01;31m[K^~~~~~~~~~~~~~~[m[K
[01m[K/home/ngochoan/dev_ws/src/cpp_interface/src/stanley_node.cpp:[m[K In member function â€˜[01m[Kvoid StanleyNode::timer_callback()[m[Kâ€™:
[01m[K/home/ngochoan/dev_ws/src/cpp_interface/src/stanley_node.cpp:46:31:[m[K [01;31m[Kerror: [m[Kâ€˜[01m[Kdesired_positon[m[Kâ€™ was not declared in this scope; did you mean â€˜[01m[Kdesired_position[m[Kâ€™?
   46 |     if ((actual_position[1] - [01;31m[Kdesired_positon[m[K[2]) > = 0)
      |                               [01;31m[K^~~~~~~~~~~~~~~[m[K
      |                               [32m[Kdesired_position[m[K
[01m[K/home/ngochoan/dev_ws/src/cpp_interface/src/stanley_node.cpp:46:53:[m[K [01;31m[Kerror: [m[Kexpected primary-expression before â€˜[01m[K=[m[Kâ€™ token
   46 |     if ((actual_position[1] - desired_positon[2]) > [01;31m[K=[m[K 0)
      |                                                     [01;31m[K^[m[K
[01m[K/home/ngochoan/dev_ws/src/cpp_interface/src/stanley_node.cpp:47:97:[m[K [01;31m[Kerror: [m[Kâ€˜[01m[Kerror_distace[m[Kâ€™ was not declared in this scope; did you mean â€˜[01m[Kerror_distance[m[Kâ€™?
   47 |       double angle_stenley_output = (actual_position[1] - desired_positon[2]) + std::atan2(Kp * [01;31m[Kerror_distace[m[K, Ksoft + linear_velocity);
      |                                                                                                 [01;31m[K^~~~~~~~~~~~~[m[K
      |                                                                                                 [32m[Kerror_distance[m[K
[01m[K/home/ngochoan/dev_ws/src/cpp_interface/src/stanley_node.cpp:47:14:[m[K [01;35m[Kwarning: [m[Kunused variable â€˜[01m[Kangle_stenley_output[m[Kâ€™ [[01;35m[K]8;;https://gcc.gnu.org/onlinedocs/gcc/Warning-Options.html#index-Wunused-variable-Wunused-variable]8;;[m[K]
   47 |       double [01;35m[Kangle_stenley_output[m[K = (actual_position[1] - desired_positon[2]) + std::atan2(Kp * error_distace, Ksoft + linear_velocity);
      |              [01;35m[K^~~~~~~~~~~~~~~~~~~~[m[K
[01m[K/home/ngochoan/dev_ws/src/cpp_interface/src/stanley_node.cpp:49:97:[m[K [01;31m[Kerror: [m[Kâ€˜[01m[Kerror_distace[m[Kâ€™ was not declared in this scope; did you mean â€˜[01m[Kerror_distance[m[Kâ€™?
   49 |       double angle_stenley_output = (actual_position[1] - desired_positon[2]) - std::atan2(Kp * [01;31m[Kerror_distace[m[K, Ksoft + linear_velocity);
      |                                                                                                 [01;31m[K^~~~~~~~~~~~~[m[K
      |                                                                                                 [32m[Kerror_distance[m[K
[01m[K/home/ngochoan/dev_ws/src/cpp_interface/src/stanley_node.cpp:49:14:[m[K [01;35m[Kwarning: [m[Kunused variable â€˜[01m[Kangle_stenley_output[m[Kâ€™ [[01;35m[K]8;;https://gcc.gnu.org/onlinedocs/gcc/Warning-Options.html#index-Wunused-variable-Wunused-variable]8;;[m[K]
   49 |       double [01;35m[Kangle_stenley_output[m[K = (actual_position[1] - desired_positon[2]) - std::atan2(Kp * error_distace, Ksoft + linear_velocity);
      |              [01;35m[K^~~~~~~~~~~~~~~~~~~~[m[K
[01m[K/home/ngochoan/dev_ws/src/cpp_interface/src/stanley_node.cpp:53:23:[m[K [01;31m[Kerror: [m[Kâ€˜[01m[Kangle_stenley_output[m[Kâ€™ was not declared in this scope
   53 |     message.data[0] = [01;31m[Kangle_stenley_output[m[K;
      |                       [01;31m[K^~~~~~~~~~~~~~~~~~~~[m[K
[01m[K/home/ngochoan/dev_ws/src/cpp_interface/src/stanley_node.cpp:44:12:[m[K [01;35m[Kwarning: [m[Kunused variable â€˜[01m[Kerror_distance[m[Kâ€™ [[01;35m[K]8;;https://gcc.gnu.org/onlinedocs/gcc/Warning-Options.html#index-Wunused-variable-Wunused-variable]8;;[m[K]
   44 |     double [01;35m[Kerror_distance[m[K = sqrt(pow(actual_position[0] - desired_position[0], 2) + pow(actual_position[1] - desired_position[1], 2));
      |            [01;35m[K^~~~~~~~~~~~~~[m[K
gmake[2]: *** [CMakeFiles/stanley_node.dir/build.make:76: CMakeFiles/stanley_node.dir/src/stanley_node.cpp.o] Error 1
gmake[1]: *** [CMakeFiles/Makefile2:255: CMakeFiles/stanley_node.dir/all] Error 2
gmake: *** [Makefile:146: all] Error 2
