[35m[1mConsolidate compiler generated dependencies of target stanley_node[0m
[ 12%] Built target read_parameters_pi
[ 25%] Built target straight_line_node
[ 37%] Built target pid_node
[ 62%] [32mBuilding CXX object CMakeFiles/stanley_node.dir/src/stanley_node.cpp.o[0m
[ 68%] Built target circumference_node
[ 68%] Built target test_cmd_vel
[ 81%] Built target sinusoidal_node
[ 93%] Built target fuzzy_node
[01m[K/home/ngochoan/dev_ws/src/cpp_interface/src/stanley_node.cpp:[m[K In member function â€˜[01m[Kvoid StanleyNode::timer_callback()[m[Kâ€™:
[01m[K/home/ngochoan/dev_ws/src/cpp_interface/src/stanley_node.cpp:42:54:[m[K [01;31m[Kerror: [m[Kexpected primary-expression before â€˜[01m[K=[m[Kâ€™ token
   42 |     if ((actual_position[1] - desired_position[2]) > [01;31m[K=[m[K 0)
      |                                                      [01;31m[K^[m[K
gmake[2]: *** [CMakeFiles/stanley_node.dir/build.make:76: CMakeFiles/stanley_node.dir/src/stanley_node.cpp.o] Error 1
gmake[1]: *** [CMakeFiles/Makefile2:255: CMakeFiles/stanley_node.dir/all] Error 2
gmake: *** [Makefile:146: all] Error 2
