[35m[1mConsolidate compiler generated dependencies of target stanley_node[0m
[ 37%] Built target test_cmd_vel
[ 37%] Built target pid_node
[ 37%] Built target read_parameters_pi
[ 56%] Built target circumference_node
[ 75%] Built target fuzzy_node
[ 75%] Built target straight_line_node
[ 87%] Built target sinusoidal_node
[ 93%] [32mBuilding CXX object CMakeFiles/stanley_node.dir/src/stanley_node.cpp.o[0m
[01m[K/home/ngochoan/dev_ws/src/cpp_interface/src/stanley_node.cpp:[m[K In member function â€˜[01m[Kvoid StanleyNode::timer_callback()[m[Kâ€™:
[01m[K/home/ngochoan/dev_ws/src/cpp_interface/src/stanley_node.cpp:44:59:[m[K [01;31m[Kerror: [m[Kâ€˜[01m[Kdesired_position[m[Kâ€™ was not declared in this scope; did you mean â€˜[01m[Kdesired_positon[m[Kâ€™?
   44 |     double error_distance = sqrt(pow(actual_position[0] - [01;31m[Kdesired_position[m[K[0], 2) + pow(actual_position[1] - desired_position[1], 2));
      |                                                           [01;31m[K^~~~~~~~~~~~~~~~[m[K
      |                                                           [32m[Kdesired_positon[m[K
[01m[K/home/ngochoan/dev_ws/src/cpp_interface/src/stanley_node.cpp:45:95:[m[K [01;31m[Kerror: [m[Kâ€˜[01m[Kerror_distace[m[Kâ€™ was not declared in this scope; did you mean â€˜[01m[Kerror_distance[m[Kâ€™?
   45 |     double angle_stenley_output = (actual_position[1] - desired_positon[2]) - std::atan2(Kp * [01;31m[Kerror_distace[m[K, Ksoft + linear_velocity);
      |                                                                                               [01;31m[K^~~~~~~~~~~~~[m[K
      |                                                                                               [32m[Kerror_distance[m[K
[01m[K/home/ngochoan/dev_ws/src/cpp_interface/src/stanley_node.cpp:46:53:[m[K [01;31m[Kerror: [m[Kexpected primary-expression before â€˜[01m[K=[m[Kâ€™ token
   46 |     if ((actual_position[1] - desired_positon[2]) > [01;31m[K=[m[K 0)
      |                                                     [01;31m[K^[m[K
[01m[K/home/ngochoan/dev_ws/src/cpp_interface/src/stanley_node.cpp:47:14:[m[K [01;35m[Kwarning: [m[Kunused variable â€˜[01m[Kangle_stenley_output[m[Kâ€™ [[01;35m[K]8;;https://gcc.gnu.org/onlinedocs/gcc/Warning-Options.html#index-Wunused-variable-Wunused-variable]8;;[m[K]
   47 |       double [01;35m[Kangle_stenley_output[m[K = (actual_position[1] - desired_positon[2]) + std::atan2(Kp * error_distace, Ksoft + linear_velocity);
      |              [01;35m[K^~~~~~~~~~~~~~~~~~~~[m[K
[01m[K/home/ngochoan/dev_ws/src/cpp_interface/src/stanley_node.cpp:49:14:[m[K [01;35m[Kwarning: [m[Kunused variable â€˜[01m[Kangle_stenley_output[m[Kâ€™ [[01;35m[K]8;;https://gcc.gnu.org/onlinedocs/gcc/Warning-Options.html#index-Wunused-variable-Wunused-variable]8;;[m[K]
   49 |       double [01;35m[Kangle_stenley_output[m[K = (actual_position[1] - desired_positon[2]) - std::atan2(Kp * error_distace, Ksoft + linear_velocity);
      |              [01;35m[K^~~~~~~~~~~~~~~~~~~~[m[K
[01m[K/home/ngochoan/dev_ws/src/cpp_interface/src/stanley_node.cpp:44:12:[m[K [01;35m[Kwarning: [m[Kunused variable â€˜[01m[Kerror_distance[m[Kâ€™ [[01;35m[K]8;;https://gcc.gnu.org/onlinedocs/gcc/Warning-Options.html#index-Wunused-variable-Wunused-variable]8;;[m[K]
   44 |     double [01;35m[Kerror_distance[m[K = sqrt(pow(actual_position[0] - desired_position[0], 2) + pow(actual_position[1] - desired_position[1], 2));
      |            [01;35m[K^~~~~~~~~~~~~~[m[K
gmake[2]: *** [CMakeFiles/stanley_node.dir/build.make:76: CMakeFiles/stanley_node.dir/src/stanley_node.cpp.o] Error 1
gmake[1]: *** [CMakeFiles/Makefile2:255: CMakeFiles/stanley_node.dir/all] Error 2
gmake: *** [Makefile:146: all] Error 2
