[35m[1mConsolidate compiler generated dependencies of target data_processing_node_zz[0m
[  9%] Built target fuzzy_longitudinal_controllers
[ 18%] Built target test_cmd_vel
[ 27%] Built target read_parameters_pi
[ 36%] Built target pid_node
[ 45%] Built target data_processing_node_straight
[ 54%] Built target straight_line_node
[ 63%] Built target data_processing_node
[ 68%] [32mBuilding CXX object CMakeFiles/data_processing_node_zz.dir/src/data_processing_node_zz.cpp.o[0m
[ 77%] Built target circumference_node
[ 86%] Built target sinusoidal_node
[ 95%] Built target controllers_node
[01m[K/home/ngochoan/dev_ws/src/cpp_interface/src/data_processing_node_zz.cpp:[m[K In member function â€˜[01m[Kvoid DataProcessingNode::initializeArrays()[m[Kâ€™:
[01m[K/home/ngochoan/dev_ws/src/cpp_interface/src/data_processing_node_zz.cpp:60:37:[m[K [01;31m[Kerror: [m[Kâ€˜[01m[KPHI[m[Kâ€™ was not declared in this scope
   60 |       y[n] = D * (n + 1) * std::cos([01;31m[KPHI[m[K);
      |                                     [01;31m[K^~~[m[K
gmake[2]: *** [CMakeFiles/data_processing_node_zz.dir/build.make:76: CMakeFiles/data_processing_node_zz.dir/src/data_processing_node_zz.cpp.o] Error 1
gmake[1]: *** [CMakeFiles/Makefile2:313: CMakeFiles/data_processing_node_zz.dir/all] Error 2
gmake: *** [Makefile:146: all] Error 2
